<?xml version="1.0" encoding="UTF-8"?>
<testsuite xmlns:xsi="http://www.w3.org/2001/XMLSchema-instance" xsi:noNamespaceSchemaLocation="https://maven.apache.org/surefire/maven-surefire-plugin/xsd/surefire-test-report.xsd" name="com.TPStock.Onaine.OnaineApplicationTests" time="13.177" tests="1" errors="1" skipped="0" failures="0">
  <properties>
[...]
</properties>
  <testcase name="contextLoads" classname="com.TPStock.Onaine.OnaineApplicationTests" time="0.001">
    <error message="Failed to load ApplicationContext" type="java.lang.IllegalStateException">java.lang.IllegalStateException: Failed to load ApplicationContext
Caused by: org.springframework.beans.factory.BeanCreationException: Error creating bean with name 'requestMappingHandlerAdapter' defined in class path resource [org/springframework/boot/autoconfigure/web/servlet/WebMvcAutoConfiguration$EnableWebMvcConfiguration.class]: Bean instantiation via factory method failed; nested exception is org.springframework.beans.BeanInstantiationException: Failed to instantiate [org.springframework.web.servlet.mvc.method.annotation.RequestMappingHandlerAdapter]: Factory method 'requestMappingHandlerAdapter' threw exception; nested exception is org.springframework.beans.factory.BeanCreationException: Error creating bean with name 'mvcConversionService' defined in class path resource [org/springframework/boot/autoconfigure/web/servlet/WebMvcAutoConfiguration$EnableWebMvcConfiguration.class]: Bean instantiation via factory method failed; nested exception is org.springframework.beans.BeanInstantiationException: Failed to instantiate [org.springframework.format.support.FormattingConversionService]: Factory method 'mvcConversionService' threw exception; nested exception is org.springframework.beans.factory.BeanCreationException: Error creating bean with name 'proveedorRepos': Invocation of init method failed; nested exception is java.lang.IllegalArgumentException: Not a managed type: class com.TPStock.Onaine.Modelo.Proveedor
Caused by: org.springframework.beans.BeanInstantiationException: Failed to instantiate [org.springframework.web.servlet.mvc.method.annotation.RequestMappingHandlerAdapter]: Factory method 'requestMappingHandlerAdapter' threw exception; nested exception is org.springframework.beans.factory.BeanCreationException: Error creating bean with name 'mvcConversionService' defined in class path resource [org/springframework/boot/autoconfigure/web/servlet/WebMvcAutoConfiguration$EnableWebMvcConfiguration.class]: Bean instantiation via factory method failed; nested exception is org.springframework.beans.BeanInstantiationException: Failed to instantiate [org.springframework.format.support.FormattingConversionService]: Factory method 'mvcConversionService' threw exception; nested exception is org.springframework.beans.factory.BeanCreationException: Error creating bean with name 'proveedorRepos': Invocation of init method failed; nested exception is java.lang.IllegalArgumentException: Not a managed type: class com.TPStock.Onaine.Modelo.Proveedor
Caused by: org.springframework.beans.factory.BeanCreationException: Error creating bean with name 'mvcConversionService' defined in class path resource [org/springframework/boot/autoconfigure/web/servlet/WebMvcAutoConfiguration$EnableWebMvcConfiguration.class]: Bean instantiation via factory method failed; nested exception is org.springframework.beans.BeanInstantiationException: Failed to instantiate [org.springframework.format.support.FormattingConversionService]: Factory method 'mvcConversionService' threw exception; nested exception is org.springframework.beans.factory.BeanCreationException: Error creating bean with name 'proveedorRepos': Invocation of init method failed; nested exception is java.lang.IllegalArgumentException: Not a managed type: class com.TPStock.Onaine.Modelo.Proveedor
Caused by: org.springframework.beans.BeanInstantiationException: Failed to instantiate [org.springframework.format.support.FormattingConversionService]: Factory method 'mvcConversionService' threw exception; nested exception is org.springframework.beans.factory.BeanCreationException: Error creating bean with name 'proveedorRepos': Invocation of init method failed; nested exception is java.lang.IllegalArgumentException: Not a managed type: class com.TPStock.Onaine.Modelo.Proveedor
Caused by: org.springframework.beans.factory.BeanCreationException: Error creating bean with name 'proveedorRepos': Invocation of init method failed; nested exception is java.lang.IllegalArgumentException: Not a managed type: class com.TPStock.Onaine.Modelo.Proveedor
Caused by: java.lang.IllegalArgumentException: Not a managed type: class com.TPStock.Onaine.Modelo.Proveedor
</error>
    <system-out><![CDATA[22:03:46.428 [main] DEBUG org.springframework.test.context.junit4.SpringJUnit4ClassRunner - SpringJUnit4ClassRunner constructor called with [class com.TPStock.Onaine.OnaineApplicationTests]
22:03:46.448 [main] DEBUG org.springframework.test.context.BootstrapUtils - Instantiating CacheAwareContextLoaderDelegate from class [org.springframework.test.context.cache.DefaultCacheAwareContextLoaderDelegate]
22:03:46.496 [main] DEBUG org.springframework.test.context.BootstrapUtils - Instantiating BootstrapContext using constructor [public org.springframework.test.context.support.DefaultBootstrapContext(java.lang.Class,org.springframework.test.context.CacheAwareContextLoaderDelegate)]
22:03:46.542 [main] DEBUG org.springframework.test.context.BootstrapUtils - Instantiating TestContextBootstrapper for test class [com.TPStock.Onaine.OnaineApplicationTests] from class [org.springframework.boot.test.context.SpringBootTestContextBootstrapper]
22:03:46.693 [main] INFO org.springframework.boot.test.context.SpringBootTestContextBootstrapper - Neither @ContextConfiguration nor @ContextHierarchy found for test class [com.TPStock.Onaine.OnaineApplicationTests], using SpringBootContextLoader
22:03:46.717 [main] DEBUG org.springframework.test.context.support.AbstractContextLoader - Did not detect default resource location for test class [com.TPStock.Onaine.OnaineApplicationTests]: class path resource [com/TPStock/Onaine/OnaineApplicationTests-context.xml] does not exist
22:03:46.720 [main] DEBUG org.springframework.test.context.support.AbstractContextLoader - Did not detect default resource location for test class [com.TPStock.Onaine.OnaineApplicationTests]: class path resource [com/TPStock/Onaine/OnaineApplicationTestsContext.groovy] does not exist
22:03:46.721 [main] INFO org.springframework.test.context.support.AbstractContextLoader - Could not detect default resource locations for test class [com.TPStock.Onaine.OnaineApplicationTests]: no resource found for suffixes {-context.xml, Context.groovy}.
22:03:46.729 [main] INFO org.springframework.test.context.support.AnnotationConfigContextLoaderUtils - Could not detect default configuration classes for test class [com.TPStock.Onaine.OnaineApplicationTests]: OnaineApplicationTests does not declare any static, non-private, non-final, nested classes annotated with @Configuration.
22:03:46.878 [main] DEBUG org.springframework.test.context.support.ActiveProfilesUtils - Could not find an 'annotation declaring class' for annotation type [org.springframework.test.context.ActiveProfiles] and class [com.TPStock.Onaine.OnaineApplicationTests]
22:03:46.899 [main] DEBUG org.springframework.core.env.StandardEnvironment - Adding PropertySource 'systemProperties' with lowest search precedence
22:03:46.899 [main] DEBUG org.springframework.core.env.StandardEnvironment - Adding PropertySource 'systemEnvironment' with lowest search precedence
22:03:46.900 [main] DEBUG org.springframework.core.env.StandardEnvironment - Initialized StandardEnvironment with PropertySources [MapPropertySource@876926621 {name='systemProperties', properties={java.runtime.name=Java(TM) SE Runtime Environment, sun.boot.library.path=C:\Program Files\Java\jdk1.8.0_91\jre\bin, java.vm.version=25.91-b14, java.vm.vendor=Oracle Corporation, java.vendor.url=http://java.oracle.com/, path.separator=;, java.vm.name=Java HotSpot(TM) 64-Bit Server VM, file.encoding.pkg=sun.io, user.country=AR, user.script=, sun.java.launcher=SUN_STANDARD, sun.os.patch.level=, java.vm.specification.name=Java Virtual Machine Specification, user.dir=C:\Users\mauro\Desktop\Operativa\TPStock, java.runtime.version=1.8.0_91-b14, basedir=C:\Users\mauro\Desktop\Operativa\TPStock, java.awt.graphicsenv=sun.awt.Win32GraphicsEnvironment, java.endorsed.dirs=C:\Program Files\Java\jdk1.8.0_91\jre\lib\endorsed, os.arch=amd64, surefire.real.class.path=C:\Users\mauro\AppData\Local\Temp\surefire4365956648074088255\surefirebooter4361865983133799604.jar, java.io.tmpdir=C:\Users\mauro\AppData\Local\Temp\, line.separator=
, java.vm.specification.vendor=Oracle Corporation, user.variant=, os.name=Windows 10, sun.jnu.encoding=Cp1252, java.library.path=C:\Program Files\Java\jdk1.8.0_91\jre\bin;C:\WINDOWS\Sun\Java\bin;C:\WINDOWS\system32;C:\WINDOWS;C:\Python27\;C:\Python27\Scripts;C:\Program Files (x86)\Common Files\Oracle\Java\javapath;C:\ProgramData\Oracle\Java\javapath;C:\WINDOWS\system32;C:\WINDOWS;C:\WINDOWS\System32\Wbem;C:\WINDOWS\System32\WindowsPowerShell\v1.0\;C:\Program Files\Java\jdk1.8.0_91\bin;C:\Program Files\Git\cmd;C:\xampp\php;C:\Program Files\Java\jdk1.8.0_91\bin;C:\apache-maven-3.5.3-bin\apache-maven-3.5.3\bin;C:\WINDOWS\System32\OpenSSH\;C:\composer;C:\Program Files\nodejs\;C:\Python27\;C:\Users\mauro\Desktop\Python_ejecutables\Django-1.11.15\django;C:\Python\Scripts\;C:\Users\mauro\AppData\Local\Microsoft\WindowsApps;;C:\Users\mauro\AppData\Roaming\Composer\vendor\bin;C:\Program Files\Microsoft VS Code\bin;C:\Users\mauro\AppData\Roaming\npm;., surefire.test.class.path=C:\Users\mauro\Desktop\Operativa\TPStock\target\test-classes;C:\Users\mauro\Desktop\Operativa\TPStock\target\classes;C:\Users\mauro\.m2\repository\org\springframework\boot\spring-boot-starter-data-jpa\2.0.6.RELEASE\spring-boot-starter-data-jpa-2.0.6.RELEASE.jar;C:\Users\mauro\.m2\repository\org\springframework\boot\spring-boot-starter\2.0.6.RELEASE\spring-boot-starter-2.0.6.RELEASE.jar;C:\Users\mauro\.m2\repository\org\springframework\boot\spring-boot\2.0.6.RELEASE\spring-boot-2.0.6.RELEASE.jar;C:\Users\mauro\.m2\repository\org\springframework\boot\spring-boot-autoconfigure\2.0.6.RELEASE\spring-boot-autoconfigure-2.0.6.RELEASE.jar;C:\Users\mauro\.m2\repository\org\springframework\boot\spring-boot-starter-logging\2.0.6.RELEASE\spring-boot-starter-logging-2.0.6.RELEASE.jar;C:\Users\mauro\.m2\repository\ch\qos\logback\logback-classic\1.2.3\logback-classic-1.2.3.jar;C:\Users\mauro\.m2\repository\ch\qos\logback\logback-core\1.2.3\logback-core-1.2.3.jar;C:\Users\mauro\.m2\repository\org\apache\logging\log4j\log4j-to-slf4j\2.10.0\log4j-to-slf4j-2.10.0.jar;C:\Users\mauro\.m2\repository\org\apache\logging\log4j\log4j-api\2.10.0\log4j-api-2.10.0.jar;C:\Users\mauro\.m2\repository\org\slf4j\jul-to-slf4j\1.7.25\jul-to-slf4j-1.7.25.jar;C:\Users\mauro\.m2\repository\javax\annotation\javax.annotation-api\1.3.2\javax.annotation-api-1.3.2.jar;C:\Users\mauro\.m2\repository\org\yaml\snakeyaml\1.19\snakeyaml-1.19.jar;C:\Users\mauro\.m2\repository\org\springframework\boot\spring-boot-starter-aop\2.0.6.RELEASE\spring-boot-starter-aop-2.0.6.RELEASE.jar;C:\Users\mauro\.m2\repository\org\springframework\spring-aop\5.0.10.RELEASE\spring-aop-5.0.10.RELEASE.jar;C:\Users\mauro\.m2\repository\org\aspectj\aspectjweaver\1.8.13\aspectjweaver-1.8.13.jar;C:\Users\mauro\.m2\repository\org\springframework\boot\spring-boot-starter-jdbc\2.0.6.RELEASE\spring-boot-starter-jdbc-2.0.6.RELEASE.jar;C:\Users\mauro\.m2\repository\com\zaxxer\HikariCP\2.7.9\HikariCP-2.7.9.jar;C:\Users\mauro\.m2\repository\org\springframework\spring-jdbc\5.0.10.RELEASE\spring-jdbc-5.0.10.RELEASE.jar;C:\Users\mauro\.m2\repository\javax\transaction\javax.transaction-api\1.2\javax.transaction-api-1.2.jar;C:\Users\mauro\.m2\repository\org\hibernate\hibernate-core\5.2.17.Final\hibernate-core-5.2.17.Final.jar;C:\Users\mauro\.m2\repository\org\jboss\logging\jboss-logging\3.3.2.Final\jboss-logging-3.3.2.Final.jar;C:\Users\mauro\.m2\repository\org\hibernate\javax\persistence\hibernate-jpa-2.1-api\1.0.2.Final\hibernate-jpa-2.1-api-1.0.2.Final.jar;C:\Users\mauro\.m2\repository\org\javassist\javassist\3.22.0-GA\javassist-3.22.0-GA.jar;C:\Users\mauro\.m2\repository\antlr\antlr\2.7.7\antlr-2.7.7.jar;C:\Users\mauro\.m2\repository\org\jboss\jandex\2.0.3.Final\jandex-2.0.3.Final.jar;C:\Users\mauro\.m2\repository\com\fasterxml\classmate\1.3.4\classmate-1.3.4.jar;C:\Users\mauro\.m2\repository\dom4j\dom4j\1.6.1\dom4j-1.6.1.jar;C:\Users\mauro\.m2\repository\org\hibernate\common\hibernate-commons-annotations\5.0.1.Final\hibernate-commons-annotations-5.0.1.Final.jar;C:\Users\mauro\.m2\repository\org\springframework\data\spring-data-jpa\2.0.11.RELEASE\spring-data-jpa-2.0.11.RELEASE.jar;C:\Users\mauro\.m2\repository\org\springframework\data\spring-data-commons\2.0.11.RELEASE\spring-data-commons-2.0.11.RELEASE.jar;C:\Users\mauro\.m2\repository\org\springframework\spring-orm\5.0.10.RELEASE\spring-orm-5.0.10.RELEASE.jar;C:\Users\mauro\.m2\repository\org\springframework\spring-context\5.0.10.RELEASE\spring-context-5.0.10.RELEASE.jar;C:\Users\mauro\.m2\repository\org\springframework\spring-tx\5.0.10.RELEASE\spring-tx-5.0.10.RELEASE.jar;C:\Users\mauro\.m2\repository\org\springframework\spring-beans\5.0.10.RELEASE\spring-beans-5.0.10.RELEASE.jar;C:\Users\mauro\.m2\repository\org\slf4j\slf4j-api\1.7.25\slf4j-api-1.7.25.jar;C:\Users\mauro\.m2\repository\org\springframework\spring-aspects\5.0.10.RELEASE\spring-aspects-5.0.10.RELEASE.jar;C:\Users\mauro\.m2\repository\org\springframework\boot\spring-boot-starter-web\2.0.6.RELEASE\spring-boot-starter-web-2.0.6.RELEASE.jar;C:\Users\mauro\.m2\repository\org\springframework\boot\spring-boot-starter-json\2.0.6.RELEASE\spring-boot-starter-json-2.0.6.RELEASE.jar;C:\Users\mauro\.m2\repository\com\fasterxml\jackson\core\jackson-databind\2.9.7\jackson-databind-2.9.7.jar;C:\Users\mauro\.m2\repository\com\fasterxml\jackson\core\jackson-annotations\2.9.0\jackson-annotations-2.9.0.jar;C:\Users\mauro\.m2\repository\com\fasterxml\jackson\core\jackson-core\2.9.7\jackson-core-2.9.7.jar;C:\Users\mauro\.m2\repository\com\fasterxml\jackson\datatype\jackson-datatype-jdk8\2.9.7\jackson-datatype-jdk8-2.9.7.jar;C:\Users\mauro\.m2\repository\com\fasterxml\jackson\datatype\jackson-datatype-jsr310\2.9.7\jackson-datatype-jsr310-2.9.7.jar;C:\Users\mauro\.m2\repository\com\fasterxml\jackson\module\jackson-module-parameter-names\2.9.7\jackson-module-parameter-names-2.9.7.jar;C:\Users\mauro\.m2\repository\org\springframework\boot\spring-boot-starter-tomcat\2.0.6.RELEASE\spring-boot-starter-tomcat-2.0.6.RELEASE.jar;C:\Users\mauro\.m2\repository\org\apache\tomcat\embed\tomcat-embed-core\8.5.34\tomcat-embed-core-8.5.34.jar;C:\Users\mauro\.m2\repository\org\apache\tomcat\embed\tomcat-embed-el\8.5.34\tomcat-embed-el-8.5.34.jar;C:\Users\mauro\.m2\repository\org\apache\tomcat\embed\tomcat-embed-websocket\8.5.34\tomcat-embed-websocket-8.5.34.jar;C:\Users\mauro\.m2\repository\org\hibernate\validator\hibernate-validator\6.0.13.Final\hibernate-validator-6.0.13.Final.jar;C:\Users\mauro\.m2\repository\javax\validation\validation-api\2.0.1.Final\validation-api-2.0.1.Final.jar;C:\Users\mauro\.m2\repository\org\springframework\spring-web\5.0.10.RELEASE\spring-web-5.0.10.RELEASE.jar;C:\Users\mauro\.m2\repository\org\springframework\spring-webmvc\5.0.10.RELEASE\spring-webmvc-5.0.10.RELEASE.jar;C:\Users\mauro\.m2\repository\org\springframework\spring-expression\5.0.10.RELEASE\spring-expression-5.0.10.RELEASE.jar;C:\Users\mauro\.m2\repository\com\h2database\h2\1.4.197\h2-1.4.197.jar;C:\Users\mauro\.m2\repository\org\springframework\boot\spring-boot-starter-test\2.0.6.RELEASE\spring-boot-starter-test-2.0.6.RELEASE.jar;C:\Users\mauro\.m2\repository\org\springframework\boot\spring-boot-test\2.0.6.RELEASE\spring-boot-test-2.0.6.RELEASE.jar;C:\Users\mauro\.m2\repository\org\springframework\boot\spring-boot-test-autoconfigure\2.0.6.RELEASE\spring-boot-test-autoconfigure-2.0.6.RELEASE.jar;C:\Users\mauro\.m2\repository\com\jayway\jsonpath\json-path\2.4.0\json-path-2.4.0.jar;C:\Users\mauro\.m2\repository\net\minidev\json-smart\2.3\json-smart-2.3.jar;C:\Users\mauro\.m2\repository\net\minidev\accessors-smart\1.2\accessors-smart-1.2.jar;C:\Users\mauro\.m2\repository\org\ow2\asm\asm\5.0.4\asm-5.0.4.jar;C:\Users\mauro\.m2\repository\junit\junit\4.12\junit-4.12.jar;C:\Users\mauro\.m2\repository\org\assertj\assertj-core\3.9.1\assertj-core-3.9.1.jar;C:\Users\mauro\.m2\repository\org\mockito\mockito-core\2.15.0\mockito-core-2.15.0.jar;C:\Users\mauro\.m2\repository\net\bytebuddy\byte-buddy\1.7.11\byte-buddy-1.7.11.jar;C:\Users\mauro\.m2\repository\net\bytebuddy\byte-buddy-agent\1.7.11\byte-buddy-agent-1.7.11.jar;C:\Users\mauro\.m2\repository\org\objenesis\objenesis\2.6\objenesis-2.6.jar;C:\Users\mauro\.m2\repository\org\hamcrest\hamcrest-core\1.3\hamcrest-core-1.3.jar;C:\Users\mauro\.m2\repository\org\hamcrest\hamcrest-library\1.3\hamcrest-library-1.3.jar;C:\Users\mauro\.m2\repository\org\skyscreamer\jsonassert\1.5.0\jsonassert-1.5.0.jar;C:\Users\mauro\.m2\repository\com\vaadin\external\google\android-json\0.0.20131108.vaadin1\android-json-0.0.20131108.vaadin1.jar;C:\Users\mauro\.m2\repository\org\springframework\spring-core\5.0.10.RELEASE\spring-core-5.0.10.RELEASE.jar;C:\Users\mauro\.m2\repository\org\springframework\spring-jcl\5.0.10.RELEASE\spring-jcl-5.0.10.RELEASE.jar;C:\Users\mauro\.m2\repository\org\springframework\spring-test\5.0.10.RELEASE\spring-test-5.0.10.RELEASE.jar;C:\Users\mauro\.m2\repository\org\xmlunit\xmlunit-core\2.5.1\xmlunit-core-2.5.1.jar;C:\Users\mauro\.m2\repository\org\projectlombok\lombok\1.16.20\lombok-1.16.20.jar;, java.specification.name=Java Platform API Specification, java.class.version=52.0, sun.management.compiler=HotSpot 64-Bit Tiered Compilers, os.version=10.0, user.home=C:\Users\mauro, user.timezone=America/Buenos_Aires, java.awt.printerjob=sun.awt.windows.WPrinterJob, file.encoding=Cp1252, java.specification.version=1.8, java.class.path=C:\Users\mauro\Desktop\Operativa\TPStock\target\test-classes;C:\Users\mauro\Desktop\Operativa\TPStock\target\classes;C:\Users\mauro\.m2\repository\org\springframework\boot\spring-boot-starter-data-jpa\2.0.6.RELEASE\spring-boot-starter-data-jpa-2.0.6.RELEASE.jar;C:\Users\mauro\.m2\repository\org\springframework\boot\spring-boot-starter\2.0.6.RELEASE\spring-boot-starter-2.0.6.RELEASE.jar;C:\Users\mauro\.m2\repository\org\springframework\boot\spring-boot\2.0.6.RELEASE\spring-boot-2.0.6.RELEASE.jar;C:\Users\mauro\.m2\repository\org\springframework\boot\spring-boot-autoconfigure\2.0.6.RELEASE\spring-boot-autoconfigure-2.0.6.RELEASE.jar;C:\Users\mauro\.m2\repository\org\springframework\boot\spring-boot-starter-logging\2.0.6.RELEASE\spring-boot-starter-logging-2.0.6.RELEASE.jar;C:\Users\mauro\.m2\repository\ch\qos\logback\logback-classic\1.2.3\logback-classic-1.2.3.jar;C:\Users\mauro\.m2\repository\ch\qos\logback\logback-core\1.2.3\logback-core-1.2.3.jar;C:\Users\mauro\.m2\repository\org\apache\logging\log4j\log4j-to-slf4j\2.10.0\log4j-to-slf4j-2.10.0.jar;C:\Users\mauro\.m2\repository\org\apache\logging\log4j\log4j-api\2.10.0\log4j-api-2.10.0.jar;C:\Users\mauro\.m2\repository\org\slf4j\jul-to-slf4j\1.7.25\jul-to-slf4j-1.7.25.jar;C:\Users\mauro\.m2\repository\javax\annotation\javax.annotation-api\1.3.2\javax.annotation-api-1.3.2.jar;C:\Users\mauro\.m2\repository\org\yaml\snakeyaml\1.19\snakeyaml-1.19.jar;C:\Users\mauro\.m2\repository\org\springframework\boot\spring-boot-starter-aop\2.0.6.RELEASE\spring-boot-starter-aop-2.0.6.RELEASE.jar;C:\Users\mauro\.m2\repository\org\springframework\spring-aop\5.0.10.RELEASE\spring-aop-5.0.10.RELEASE.jar;C:\Users\mauro\.m2\repository\org\aspectj\aspectjweaver\1.8.13\aspectjweaver-1.8.13.jar;C:\Users\mauro\.m2\repository\org\springframework\boot\spring-boot-starter-jdbc\2.0.6.RELEASE\spring-boot-starter-jdbc-2.0.6.RELEASE.jar;C:\Users\mauro\.m2\repository\com\zaxxer\HikariCP\2.7.9\HikariCP-2.7.9.jar;C:\Users\mauro\.m2\repository\org\springframework\spring-jdbc\5.0.10.RELEASE\spring-jdbc-5.0.10.RELEASE.jar;C:\Users\mauro\.m2\repository\javax\transaction\javax.transaction-api\1.2\javax.transaction-api-1.2.jar;C:\Users\mauro\.m2\repository\org\hibernate\hibernate-core\5.2.17.Final\hibernate-core-5.2.17.Final.jar;C:\Users\mauro\.m2\repository\org\jboss\logging\jboss-logging\3.3.2.Final\jboss-logging-3.3.2.Final.jar;C:\Users\mauro\.m2\repository\org\hibernate\javax\persistence\hibernate-jpa-2.1-api\1.0.2.Final\hibernate-jpa-2.1-api-1.0.2.Final.jar;C:\Users\mauro\.m2\repository\org\javassist\javassist\3.22.0-GA\javassist-3.22.0-GA.jar;C:\Users\mauro\.m2\repository\antlr\antlr\2.7.7\antlr-2.7.7.jar;C:\Users\mauro\.m2\repository\org\jboss\jandex\2.0.3.Final\jandex-2.0.3.Final.jar;C:\Users\mauro\.m2\repository\com\fasterxml\classmate\1.3.4\classmate-1.3.4.jar;C:\Users\mauro\.m2\repository\dom4j\dom4j\1.6.1\dom4j-1.6.1.jar;C:\Users\mauro\.m2\repository\org\hibernate\common\hibernate-commons-annotations\5.0.1.Final\hibernate-commons-annotations-5.0.1.Final.jar;C:\Users\mauro\.m2\repository\org\springframework\data\spring-data-jpa\2.0.11.RELEASE\spring-data-jpa-2.0.11.RELEASE.jar;C:\Users\mauro\.m2\repository\org\springframework\data\spring-data-commons\2.0.11.RELEASE\spring-data-commons-2.0.11.RELEASE.jar;C:\Users\mauro\.m2\repository\org\springframework\spring-orm\5.0.10.RELEASE\spring-orm-5.0.10.RELEASE.jar;C:\Users\mauro\.m2\repository\org\springframework\spring-context\5.0.10.RELEASE\spring-context-5.0.10.RELEASE.jar;C:\Users\mauro\.m2\repository\org\springframework\spring-tx\5.0.10.RELEASE\spring-tx-5.0.10.RELEASE.jar;C:\Users\mauro\.m2\repository\org\springframework\spring-beans\5.0.10.RELEASE\spring-beans-5.0.10.RELEASE.jar;C:\Users\mauro\.m2\repository\org\slf4j\slf4j-api\1.7.25\slf4j-api-1.7.25.jar;C:\Users\mauro\.m2\repository\org\springframework\spring-aspects\5.0.10.RELEASE\spring-aspects-5.0.10.RELEASE.jar;C:\Users\mauro\.m2\repository\org\springframework\boot\spring-boot-starter-web\2.0.6.RELEASE\spring-boot-starter-web-2.0.6.RELEASE.jar;C:\Users\mauro\.m2\repository\org\springframework\boot\spring-boot-starter-json\2.0.6.RELEASE\spring-boot-starter-json-2.0.6.RELEASE.jar;C:\Users\mauro\.m2\repository\com\fasterxml\jackson\core\jackson-databind\2.9.7\jackson-databind-2.9.7.jar;C:\Users\mauro\.m2\repository\com\fasterxml\jackson\core\jackson-annotations\2.9.0\jackson-annotations-2.9.0.jar;C:\Users\mauro\.m2\repository\com\fasterxml\jackson\core\jackson-core\2.9.7\jackson-core-2.9.7.jar;C:\Users\mauro\.m2\repository\com\fasterxml\jackson\datatype\jackson-datatype-jdk8\2.9.7\jackson-datatype-jdk8-2.9.7.jar;C:\Users\mauro\.m2\repository\com\fasterxml\jackson\datatype\jackson-datatype-jsr310\2.9.7\jackson-datatype-jsr310-2.9.7.jar;C:\Users\mauro\.m2\repository\com\fasterxml\jackson\module\jackson-module-parameter-names\2.9.7\jackson-module-parameter-names-2.9.7.jar;C:\Users\mauro\.m2\repository\org\springframework\boot\spring-boot-starter-tomcat\2.0.6.RELEASE\spring-boot-starter-tomcat-2.0.6.RELEASE.jar;C:\Users\mauro\.m2\repository\org\apache\tomcat\embed\tomcat-embed-core\8.5.34\tomcat-embed-core-8.5.34.jar;C:\Users\mauro\.m2\repository\org\apache\tomcat\embed\tomcat-embed-el\8.5.34\tomcat-embed-el-8.5.34.jar;C:\Users\mauro\.m2\repository\org\apache\tomcat\embed\tomcat-embed-websocket\8.5.34\tomcat-embed-websocket-8.5.34.jar;C:\Users\mauro\.m2\repository\org\hibernate\validator\hibernate-validator\6.0.13.Final\hibernate-validator-6.0.13.Final.jar;C:\Users\mauro\.m2\repository\javax\validation\validation-api\2.0.1.Final\validation-api-2.0.1.Final.jar;C:\Users\mauro\.m2\repository\org\springframework\spring-web\5.0.10.RELEASE\spring-web-5.0.10.RELEASE.jar;C:\Users\mauro\.m2\repository\org\springframework\spring-webmvc\5.0.10.RELEASE\spring-webmvc-5.0.10.RELEASE.jar;C:\Users\mauro\.m2\repository\org\springframework\spring-expression\5.0.10.RELEASE\spring-expression-5.0.10.RELEASE.jar;C:\Users\mauro\.m2\repository\com\h2database\h2\1.4.197\h2-1.4.197.jar;C:\Users\mauro\.m2\repository\org\springframework\boot\spring-boot-starter-test\2.0.6.RELEASE\spring-boot-starter-test-2.0.6.RELEASE.jar;C:\Users\mauro\.m2\repository\org\springframework\boot\spring-boot-test\2.0.6.RELEASE\spring-boot-test-2.0.6.RELEASE.jar;C:\Users\mauro\.m2\repository\org\springframework\boot\spring-boot-test-autoconfigure\2.0.6.RELEASE\spring-boot-test-autoconfigure-2.0.6.RELEASE.jar;C:\Users\mauro\.m2\repository\com\jayway\jsonpath\json-path\2.4.0\json-path-2.4.0.jar;C:\Users\mauro\.m2\repository\net\minidev\json-smart\2.3\json-smart-2.3.jar;C:\Users\mauro\.m2\repository\net\minidev\accessors-smart\1.2\accessors-smart-1.2.jar;C:\Users\mauro\.m2\repository\org\ow2\asm\asm\5.0.4\asm-5.0.4.jar;C:\Users\mauro\.m2\repository\junit\junit\4.12\junit-4.12.jar;C:\Users\mauro\.m2\repository\org\assertj\assertj-core\3.9.1\assertj-core-3.9.1.jar;C:\Users\mauro\.m2\repository\org\mockito\mockito-core\2.15.0\mockito-core-2.15.0.jar;C:\Users\mauro\.m2\repository\net\bytebuddy\byte-buddy\1.7.11\byte-buddy-1.7.11.jar;C:\Users\mauro\.m2\repository\net\bytebuddy\byte-buddy-agent\1.7.11\byte-buddy-agent-1.7.11.jar;C:\Users\mauro\.m2\repository\org\objenesis\objenesis\2.6\objenesis-2.6.jar;C:\Users\mauro\.m2\repository\org\hamcrest\hamcrest-core\1.3\hamcrest-core-1.3.jar;C:\Users\mauro\.m2\repository\org\hamcrest\hamcrest-library\1.3\hamcrest-library-1.3.jar;C:\Users\mauro\.m2\repository\org\skyscreamer\jsonassert\1.5.0\jsonassert-1.5.0.jar;C:\Users\mauro\.m2\repository\com\vaadin\external\google\android-json\0.0.20131108.vaadin1\android-json-0.0.20131108.vaadin1.jar;C:\Users\mauro\.m2\repository\org\springframework\spring-core\5.0.10.RELEASE\spring-core-5.0.10.RELEASE.jar;C:\Users\mauro\.m2\repository\org\springframework\spring-jcl\5.0.10.RELEASE\spring-jcl-5.0.10.RELEASE.jar;C:\Users\mauro\.m2\repository\org\springframework\spring-test\5.0.10.RELEASE\spring-test-5.0.10.RELEASE.jar;C:\Users\mauro\.m2\repository\org\xmlunit\xmlunit-core\2.5.1\xmlunit-core-2.5.1.jar;C:\Users\mauro\.m2\repository\org\projectlombok\lombok\1.16.20\lombok-1.16.20.jar;, user.name=mauro, java.vm.specification.version=1.8, sun.java.command=C:\Users\mauro\AppData\Local\Temp\surefire4365956648074088255\surefirebooter4361865983133799604.jar C:\Users\mauro\AppData\Local\Temp\surefire4365956648074088255 2018-10-20T22-03-41_462-jvmRun1 surefire5945354520366847290tmp surefire_05011515680414041181tmp, java.home=C:\Program Files\Java\jdk1.8.0_91\jre, sun.arch.data.model=64, user.language=es, java.specification.vendor=Oracle Corporation, awt.toolkit=sun.awt.windows.WToolkit, java.vm.info=mixed mode, java.version=1.8.0_91, java.ext.dirs=C:\Program Files\Java\jdk1.8.0_91\jre\lib\ext;C:\WINDOWS\Sun\Java\lib\ext, sun.boot.class.path=C:\Program Files\Java\jdk1.8.0_91\jre\lib\resources.jar;C:\Program Files\Java\jdk1.8.0_91\jre\lib\rt.jar;C:\Program Files\Java\jdk1.8.0_91\jre\lib\sunrsasign.jar;C:\Program Files\Java\jdk1.8.0_91\jre\lib\jsse.jar;C:\Program Files\Java\jdk1.8.0_91\jre\lib\jce.jar;C:\Program Files\Java\jdk1.8.0_91\jre\lib\charsets.jar;C:\Program Files\Java\jdk1.8.0_91\jre\lib\jfr.jar;C:\Program Files\Java\jdk1.8.0_91\jre\classes, java.vendor=Oracle Corporation, localRepository=C:\Users\mauro\.m2\repository, file.separator=\, java.vendor.url.bug=http://bugreport.sun.com/bugreport/, sun.io.unicode.encoding=UnicodeLittle, sun.cpu.endian=little, sun.desktop=windows, sun.cpu.isalist=amd64}}, SystemEnvironmentPropertySource@326298949 {name='systemEnvironment', properties={JAVA=C:\Program Files\Java\jdk1.8.0_91, PATH=C:\Python27\;C:\Python27\Scripts;C:\Program Files (x86)\Common Files\Oracle\Java\javapath;C:\ProgramData\Oracle\Java\javapath;C:\WINDOWS\system32;C:\WINDOWS;C:\WINDOWS\System32\Wbem;C:\WINDOWS\System32\WindowsPowerShell\v1.0\;C:\Program Files\Java\jdk1.8.0_91\bin;C:\Program Files\Git\cmd;C:\xampp\php;C:\Program Files\Java\jdk1.8.0_91\bin;C:\apache-maven-3.5.3-bin\apache-maven-3.5.3\bin;C:\WINDOWS\System32\OpenSSH\;C:\composer;C:\Program Files\nodejs\;C:\Python27\;C:\Users\mauro\Desktop\Python_ejecutables\Django-1.11.15\django;C:\Python\Scripts\;C:\Users\mauro\AppData\Local\Microsoft\WindowsApps;;C:\Users\mauro\AppData\Roaming\Composer\vendor\bin;C:\Program Files\Microsoft VS Code\bin;C:\Users\mauro\AppData\Roaming\npm, USERDOMAIN_ROAMINGPROFILE=YINI-MAURO, PROCESSOR_LEVEL=6, SYSTEMDRIVE=C:, SESSIONNAME=Console, ALLUSERSPROFILE=C:\ProgramData, PROCESSOR_ARCHITECTURE=AMD64, DRIVERDATA=C:\Windows\System32\Drivers\DriverData, MAVEN_HOME=C:\apache-maven-3.5.3-bin\apache-maven-3.5.3\bin\.., PROGRAMFILES=C:\Program Files, PSMODULEPATH=C:\Program Files\WindowsPowerShell\Modules;C:\WINDOWS\system32\WindowsPowerShell\v1.0\Modules, PROGRAMDATA=C:\ProgramData, USERNAME=mauro, WDIR=C:\Users\mauro\Desktop\Operativa\TPStock, FPS_BROWSER_USER_PROFILE_STRING=Default, ONEDRIVE=C:\Users\mauro\OneDrive, PATHEXT=.COM;.EXE;.BAT;.CMD;.VBS;.VBE;.JS;.JSE;.WSF;.WSH;.MSC, CLASSWORLDS_JAR="C:\apache-maven-3.5.3-bin\apache-maven-3.5.3\bin\..\boot\plexus-classworlds-2.5.2.jar", WINDIR=C:\WINDOWS, HOMEPATH=\Users\mauro, PROCESSOR_IDENTIFIER=Intel64 Family 6 Model 78 Stepping 3, GenuineIntel, M2_HOME=C:\apache-maven-3.5.3-bin\apache-maven-3.5.3, PUBLIC=C:\Users\Public, =::=::\, LOCALAPPDATA=C:\Users\mauro\AppData\Local, COMMONPROGRAMFILES(X86)=C:\Program Files (x86)\Common Files, USERDOMAIN=YINI-MAURO, FPS_BROWSER_APP_PROFILE_STRING=Internet Explorer, LOGONSERVER=\\YINI-MAURO, JAVA_HOME=C:\Program Files\Java\jdk1.8.0_91, PROMPT=$P$G, PROGRAMFILES(X86)=C:\Program Files (x86), ERROR_CODE=0, EXEC_DIR=C:\Users\mauro\Desktop\Operativa\TPStock, =C:=C:\Users\mauro\Desktop\Operativa\TPStock, APPDATA=C:\Users\mauro\AppData\Roaming, PROGRAMW6432=C:\Program Files, SYSTEMROOT=C:\WINDOWS, MAVEN_CMD_LINE_ARGS=clean install, OS=Windows_NT, COMMONPROGRAMW6432=C:\Program Files\Common Files, COMPUTERNAME=YINI-MAURO, COMMONPROGRAMFILES=C:\Program Files\Common Files, COMSPEC=C:\WINDOWS\system32\cmd.exe, JAVACMD=C:\Program Files\Java\jdk1.8.0_91\bin\java.exe, MAVEN_PROJECTBASEDIR=C:\Users\mauro\Desktop\Operativa\TPStock, PROCESSOR_REVISION=4e03, CLASSWORLDS_LAUNCHER=org.codehaus.plexus.classworlds.launcher.Launcher, TEMP=C:\Users\mauro\AppData\Local\Temp, HOMEDRIVE=C:, USERPROFILE=C:\Users\mauro, TMP=C:\Users\mauro\AppData\Local\Temp, NUMBER_OF_PROCESSORS=4, JVMCONFIG=\.mvn\jvm.config}}]
22:03:46.936 [main] DEBUG org.springframework.core.io.support.PathMatchingResourcePatternResolver - Resolved classpath location [com/TPStock/Onaine/] to resources [URL [file:/C:/Users/mauro/Desktop/Operativa/TPStock/target/test-classes/com/TPStock/Onaine/], URL [file:/C:/Users/mauro/Desktop/Operativa/TPStock/target/classes/com/TPStock/Onaine/]]
22:03:46.937 [main] DEBUG org.springframework.core.io.support.PathMatchingResourcePatternResolver - Looking for matching resources in directory tree [C:\Users\mauro\Desktop\Operativa\TPStock\target\test-classes\com\TPStock\Onaine]
22:03:46.937 [main] DEBUG org.springframework.core.io.support.PathMatchingResourcePatternResolver - Searching directory [C:\Users\mauro\Desktop\Operativa\TPStock\target\test-classes\com\TPStock\Onaine] for files matching pattern [C:/Users/mauro/Desktop/Operativa/TPStock/target/test-classes/com/TPStock/Onaine/*.class]
22:03:46.943 [main] DEBUG org.springframework.core.io.support.PathMatchingResourcePatternResolver - Looking for matching resources in directory tree [C:\Users\mauro\Desktop\Operativa\TPStock\target\classes\com\TPStock\Onaine]
22:03:46.944 [main] DEBUG org.springframework.core.io.support.PathMatchingResourcePatternResolver - Searching directory [C:\Users\mauro\Desktop\Operativa\TPStock\target\classes\com\TPStock\Onaine] for files matching pattern [C:/Users/mauro/Desktop/Operativa/TPStock/target/classes/com/TPStock/Onaine/*.class]
22:03:46.950 [main] DEBUG org.springframework.core.io.support.PathMatchingResourcePatternResolver - Resolved location pattern [classpath*:com/TPStock/Onaine/*.class] to resources [file [C:\Users\mauro\Desktop\Operativa\TPStock\target\test-classes\com\TPStock\Onaine\OnaineApplicationTests.class], file [C:\Users\mauro\Desktop\Operativa\TPStock\target\classes\com\TPStock\Onaine\OnaineApplication.class]]
22:03:47.134 [main] DEBUG org.springframework.context.annotation.ClassPathScanningCandidateComponentProvider - Identified candidate component class: file [C:\Users\mauro\Desktop\Operativa\TPStock\target\classes\com\TPStock\Onaine\OnaineApplication.class]
22:03:47.137 [main] INFO org.springframework.boot.test.context.SpringBootTestContextBootstrapper - Found @SpringBootConfiguration com.TPStock.Onaine.OnaineApplication for test class com.TPStock.Onaine.OnaineApplicationTests
22:03:47.453 [main] DEBUG org.springframework.boot.test.context.SpringBootTestContextBootstrapper - @TestExecutionListeners is not present for class [com.TPStock.Onaine.OnaineApplicationTests]: using defaults.
22:03:47.454 [main] INFO org.springframework.boot.test.context.SpringBootTestContextBootstrapper - Loaded default TestExecutionListener class names from location [META-INF/spring.factories]: [org.springframework.boot.test.mock.mockito.MockitoTestExecutionListener, org.springframework.boot.test.mock.mockito.ResetMocksTestExecutionListener, org.springframework.boot.test.autoconfigure.restdocs.RestDocsTestExecutionListener, org.springframework.boot.test.autoconfigure.web.client.MockRestServiceServerResetTestExecutionListener, org.springframework.boot.test.autoconfigure.web.servlet.MockMvcPrintOnlyOnFailureTestExecutionListener, org.springframework.boot.test.autoconfigure.web.servlet.WebDriverTestExecutionListener, org.springframework.test.context.web.ServletTestExecutionListener, org.springframework.test.context.support.DirtiesContextBeforeModesTestExecutionListener, org.springframework.test.context.support.DependencyInjectionTestExecutionListener, org.springframework.test.context.support.DirtiesContextTestExecutionListener, org.springframework.test.context.transaction.TransactionalTestExecutionListener, org.springframework.test.context.jdbc.SqlScriptsTestExecutionListener]
22:03:47.543 [main] INFO org.springframework.boot.test.context.SpringBootTestContextBootstrapper - Using TestExecutionListeners: [org.springframework.test.context.web.ServletTestExecutionListener@24aed80c, org.springframework.test.context.support.DirtiesContextBeforeModesTestExecutionListener@3a52dba3, org.springframework.boot.test.mock.mockito.MockitoTestExecutionListener@2a5c8d3f, org.springframework.boot.test.autoconfigure.SpringBootDependencyInjectionTestExecutionListener@752325ad, org.springframework.test.context.support.DirtiesContextTestExecutionListener@279fedbd, org.springframework.test.context.transaction.TransactionalTestExecutionListener@b3ca52e, org.springframework.test.context.jdbc.SqlScriptsTestExecutionListener@45c7e403, org.springframework.boot.test.mock.mockito.ResetMocksTestExecutionListener@2925bf5b, org.springframework.boot.test.autoconfigure.restdocs.RestDocsTestExecutionListener@710f4dc7, org.springframework.boot.test.autoconfigure.web.client.MockRestServiceServerResetTestExecutionListener@1ff4931d, org.springframework.boot.test.autoconfigure.web.servlet.MockMvcPrintOnlyOnFailureTestExecutionListener@65e98b1c, org.springframework.boot.test.autoconfigure.web.servlet.WebDriverTestExecutionListener@61322f9d]
22:03:47.563 [main] DEBUG org.springframework.test.annotation.ProfileValueUtils - Retrieved @ProfileValueSourceConfiguration [null] for test class [com.TPStock.Onaine.OnaineApplicationTests]
22:03:47.564 [main] DEBUG org.springframework.test.annotation.ProfileValueUtils - Retrieved ProfileValueSource type [class org.springframework.test.annotation.SystemProfileValueSource] for class [com.TPStock.Onaine.OnaineApplicationTests]
22:03:47.575 [main] DEBUG org.springframework.test.annotation.ProfileValueUtils - Retrieved @ProfileValueSourceConfiguration [null] for test class [com.TPStock.Onaine.OnaineApplicationTests]
22:03:47.576 [main] DEBUG org.springframework.test.annotation.ProfileValueUtils - Retrieved ProfileValueSource type [class org.springframework.test.annotation.SystemProfileValueSource] for class [com.TPStock.Onaine.OnaineApplicationTests]
22:03:47.583 [main] DEBUG org.springframework.test.annotation.ProfileValueUtils - Retrieved @ProfileValueSourceConfiguration [null] for test class [com.TPStock.Onaine.OnaineApplicationTests]
22:03:47.584 [main] DEBUG org.springframework.test.annotation.ProfileValueUtils - Retrieved ProfileValueSource type [class org.springframework.test.annotation.SystemProfileValueSource] for class [com.TPStock.Onaine.OnaineApplicationTests]
22:03:47.610 [main] DEBUG org.springframework.test.context.support.AbstractDirtiesContextTestExecutionListener - Before test class: context [DefaultTestContext@43c1b556 testClass = OnaineApplicationTests, testInstance = [null], testMethod = [null], testException = [null], mergedContextConfiguration = [WebMergedContextConfiguration@587e5365 testClass = OnaineApplicationTests, locations = '{}', classes = '{class com.TPStock.Onaine.OnaineApplication}', contextInitializerClasses = '[]', activeProfiles = '{}', propertySourceLocations = '{}', propertySourceProperties = '{org.springframework.boot.test.context.SpringBootTestContextBootstrapper=true}', contextCustomizers = set[org.springframework.boot.test.context.filter.ExcludeFilterContextCustomizer@587c290d, org.springframework.boot.test.json.DuplicateJsonObjectContextCustomizerFactory$DuplicateJsonObjectContextCustomizer@543788f3, org.springframework.boot.test.mock.mockito.MockitoContextCustomizer@0, org.springframework.boot.test.web.client.TestRestTemplateContextCustomizer@17baae6e, org.springframework.boot.test.autoconfigure.properties.PropertyMappingContextCustomizer@0, org.springframework.boot.test.autoconfigure.web.servlet.WebDriverContextCustomizerFactory$Customizer@2df32bf7], resourceBasePath = 'src/main/webapp', contextLoader = 'org.springframework.boot.test.context.SpringBootContextLoader', parent = [null]], attributes = map['org.springframework.test.context.web.ServletTestExecutionListener.activateListener' -> true]], class annotated with @DirtiesContext [false] with mode [null].
22:03:47.612 [main] DEBUG org.springframework.test.annotation.ProfileValueUtils - Retrieved @ProfileValueSourceConfiguration [null] for test class [com.TPStock.Onaine.OnaineApplicationTests]
22:03:47.612 [main] DEBUG org.springframework.test.annotation.ProfileValueUtils - Retrieved ProfileValueSource type [class org.springframework.test.annotation.SystemProfileValueSource] for class [com.TPStock.Onaine.OnaineApplicationTests]
22:03:47.672 [main] DEBUG org.springframework.core.env.StandardEnvironment - Adding PropertySource 'systemProperties' with lowest search precedence
22:03:47.673 [main] DEBUG org.springframework.core.env.StandardEnvironment - Adding PropertySource 'systemEnvironment' with lowest search precedence
22:03:47.674 [main] DEBUG org.springframework.core.env.StandardEnvironment - Initialized StandardEnvironment with PropertySources [MapPropertySource@1778629809 {name='systemProperties', properties={java.runtime.name=Java(TM) SE Runtime Environment, sun.boot.library.path=C:\Program Files\Java\jdk1.8.0_91\jre\bin, java.vm.version=25.91-b14, java.vm.vendor=Oracle Corporation, java.vendor.url=http://java.oracle.com/, path.separator=;, java.vm.name=Java HotSpot(TM) 64-Bit Server VM, file.encoding.pkg=sun.io, user.country=AR, user.script=, sun.java.launcher=SUN_STANDARD, sun.os.patch.level=, java.vm.specification.name=Java Virtual Machine Specification, user.dir=C:\Users\mauro\Desktop\Operativa\TPStock, java.runtime.version=1.8.0_91-b14, basedir=C:\Users\mauro\Desktop\Operativa\TPStock, java.awt.graphicsenv=sun.awt.Win32GraphicsEnvironment, java.endorsed.dirs=C:\Program Files\Java\jdk1.8.0_91\jre\lib\endorsed, os.arch=amd64, surefire.real.class.path=C:\Users\mauro\AppData\Local\Temp\surefire4365956648074088255\surefirebooter4361865983133799604.jar, java.io.tmpdir=C:\Users\mauro\AppData\Local\Temp\, line.separator=
, java.vm.specification.vendor=Oracle Corporation, user.variant=, os.name=Windows 10, sun.jnu.encoding=Cp1252, java.library.path=C:\Program Files\Java\jdk1.8.0_91\jre\bin;C:\WINDOWS\Sun\Java\bin;C:\WINDOWS\system32;C:\WINDOWS;C:\Python27\;C:\Python27\Scripts;C:\Program Files (x86)\Common Files\Oracle\Java\javapath;C:\ProgramData\Oracle\Java\javapath;C:\WINDOWS\system32;C:\WINDOWS;C:\WINDOWS\System32\Wbem;C:\WINDOWS\System32\WindowsPowerShell\v1.0\;C:\Program Files\Java\jdk1.8.0_91\bin;C:\Program Files\Git\cmd;C:\xampp\php;C:\Program Files\Java\jdk1.8.0_91\bin;C:\apache-maven-3.5.3-bin\apache-maven-3.5.3\bin;C:\WINDOWS\System32\OpenSSH\;C:\composer;C:\Program Files\nodejs\;C:\Python27\;C:\Users\mauro\Desktop\Python_ejecutables\Django-1.11.15\django;C:\Python\Scripts\;C:\Users\mauro\AppData\Local\Microsoft\WindowsApps;;C:\Users\mauro\AppData\Roaming\Composer\vendor\bin;C:\Program Files\Microsoft VS Code\bin;C:\Users\mauro\AppData\Roaming\npm;., surefire.test.class.path=C:\Users\mauro\Desktop\Operativa\TPStock\target\test-classes;C:\Users\mauro\Desktop\Operativa\TPStock\target\classes;C:\Users\mauro\.m2\repository\org\springframework\boot\spring-boot-starter-data-jpa\2.0.6.RELEASE\spring-boot-starter-data-jpa-2.0.6.RELEASE.jar;C:\Users\mauro\.m2\repository\org\springframework\boot\spring-boot-starter\2.0.6.RELEASE\spring-boot-starter-2.0.6.RELEASE.jar;C:\Users\mauro\.m2\repository\org\springframework\boot\spring-boot\2.0.6.RELEASE\spring-boot-2.0.6.RELEASE.jar;C:\Users\mauro\.m2\repository\org\springframework\boot\spring-boot-autoconfigure\2.0.6.RELEASE\spring-boot-autoconfigure-2.0.6.RELEASE.jar;C:\Users\mauro\.m2\repository\org\springframework\boot\spring-boot-starter-logging\2.0.6.RELEASE\spring-boot-starter-logging-2.0.6.RELEASE.jar;C:\Users\mauro\.m2\repository\ch\qos\logback\logback-classic\1.2.3\logback-classic-1.2.3.jar;C:\Users\mauro\.m2\repository\ch\qos\logback\logback-core\1.2.3\logback-core-1.2.3.jar;C:\Users\mauro\.m2\repository\org\apache\logging\log4j\log4j-to-slf4j\2.10.0\log4j-to-slf4j-2.10.0.jar;C:\Users\mauro\.m2\repository\org\apache\logging\log4j\log4j-api\2.10.0\log4j-api-2.10.0.jar;C:\Users\mauro\.m2\repository\org\slf4j\jul-to-slf4j\1.7.25\jul-to-slf4j-1.7.25.jar;C:\Users\mauro\.m2\repository\javax\annotation\javax.annotation-api\1.3.2\javax.annotation-api-1.3.2.jar;C:\Users\mauro\.m2\repository\org\yaml\snakeyaml\1.19\snakeyaml-1.19.jar;C:\Users\mauro\.m2\repository\org\springframework\boot\spring-boot-starter-aop\2.0.6.RELEASE\spring-boot-starter-aop-2.0.6.RELEASE.jar;C:\Users\mauro\.m2\repository\org\springframework\spring-aop\5.0.10.RELEASE\spring-aop-5.0.10.RELEASE.jar;C:\Users\mauro\.m2\repository\org\aspectj\aspectjweaver\1.8.13\aspectjweaver-1.8.13.jar;C:\Users\mauro\.m2\repository\org\springframework\boot\spring-boot-starter-jdbc\2.0.6.RELEASE\spring-boot-starter-jdbc-2.0.6.RELEASE.jar;C:\Users\mauro\.m2\repository\com\zaxxer\HikariCP\2.7.9\HikariCP-2.7.9.jar;C:\Users\mauro\.m2\repository\org\springframework\spring-jdbc\5.0.10.RELEASE\spring-jdbc-5.0.10.RELEASE.jar;C:\Users\mauro\.m2\repository\javax\transaction\javax.transaction-api\1.2\javax.transaction-api-1.2.jar;C:\Users\mauro\.m2\repository\org\hibernate\hibernate-core\5.2.17.Final\hibernate-core-5.2.17.Final.jar;C:\Users\mauro\.m2\repository\org\jboss\logging\jboss-logging\3.3.2.Final\jboss-logging-3.3.2.Final.jar;C:\Users\mauro\.m2\repository\org\hibernate\javax\persistence\hibernate-jpa-2.1-api\1.0.2.Final\hibernate-jpa-2.1-api-1.0.2.Final.jar;C:\Users\mauro\.m2\repository\org\javassist\javassist\3.22.0-GA\javassist-3.22.0-GA.jar;C:\Users\mauro\.m2\repository\antlr\antlr\2.7.7\antlr-2.7.7.jar;C:\Users\mauro\.m2\repository\org\jboss\jandex\2.0.3.Final\jandex-2.0.3.Final.jar;C:\Users\mauro\.m2\repository\com\fasterxml\classmate\1.3.4\classmate-1.3.4.jar;C:\Users\mauro\.m2\repository\dom4j\dom4j\1.6.1\dom4j-1.6.1.jar;C:\Users\mauro\.m2\repository\org\hibernate\common\hibernate-commons-annotations\5.0.1.Final\hibernate-commons-annotations-5.0.1.Final.jar;C:\Users\mauro\.m2\repository\org\springframework\data\spring-data-jpa\2.0.11.RELEASE\spring-data-jpa-2.0.11.RELEASE.jar;C:\Users\mauro\.m2\repository\org\springframework\data\spring-data-commons\2.0.11.RELEASE\spring-data-commons-2.0.11.RELEASE.jar;C:\Users\mauro\.m2\repository\org\springframework\spring-orm\5.0.10.RELEASE\spring-orm-5.0.10.RELEASE.jar;C:\Users\mauro\.m2\repository\org\springframework\spring-context\5.0.10.RELEASE\spring-context-5.0.10.RELEASE.jar;C:\Users\mauro\.m2\repository\org\springframework\spring-tx\5.0.10.RELEASE\spring-tx-5.0.10.RELEASE.jar;C:\Users\mauro\.m2\repository\org\springframework\spring-beans\5.0.10.RELEASE\spring-beans-5.0.10.RELEASE.jar;C:\Users\mauro\.m2\repository\org\slf4j\slf4j-api\1.7.25\slf4j-api-1.7.25.jar;C:\Users\mauro\.m2\repository\org\springframework\spring-aspects\5.0.10.RELEASE\spring-aspects-5.0.10.RELEASE.jar;C:\Users\mauro\.m2\repository\org\springframework\boot\spring-boot-starter-web\2.0.6.RELEASE\spring-boot-starter-web-2.0.6.RELEASE.jar;C:\Users\mauro\.m2\repository\org\springframework\boot\spring-boot-starter-json\2.0.6.RELEASE\spring-boot-starter-json-2.0.6.RELEASE.jar;C:\Users\mauro\.m2\repository\com\fasterxml\jackson\core\jackson-databind\2.9.7\jackson-databind-2.9.7.jar;C:\Users\mauro\.m2\repository\com\fasterxml\jackson\core\jackson-annotations\2.9.0\jackson-annotations-2.9.0.jar;C:\Users\mauro\.m2\repository\com\fasterxml\jackson\core\jackson-core\2.9.7\jackson-core-2.9.7.jar;C:\Users\mauro\.m2\repository\com\fasterxml\jackson\datatype\jackson-datatype-jdk8\2.9.7\jackson-datatype-jdk8-2.9.7.jar;C:\Users\mauro\.m2\repository\com\fasterxml\jackson\datatype\jackson-datatype-jsr310\2.9.7\jackson-datatype-jsr310-2.9.7.jar;C:\Users\mauro\.m2\repository\com\fasterxml\jackson\module\jackson-module-parameter-names\2.9.7\jackson-module-parameter-names-2.9.7.jar;C:\Users\mauro\.m2\repository\org\springframework\boot\spring-boot-starter-tomcat\2.0.6.RELEASE\spring-boot-starter-tomcat-2.0.6.RELEASE.jar;C:\Users\mauro\.m2\repository\org\apache\tomcat\embed\tomcat-embed-core\8.5.34\tomcat-embed-core-8.5.34.jar;C:\Users\mauro\.m2\repository\org\apache\tomcat\embed\tomcat-embed-el\8.5.34\tomcat-embed-el-8.5.34.jar;C:\Users\mauro\.m2\repository\org\apache\tomcat\embed\tomcat-embed-websocket\8.5.34\tomcat-embed-websocket-8.5.34.jar;C:\Users\mauro\.m2\repository\org\hibernate\validator\hibernate-validator\6.0.13.Final\hibernate-validator-6.0.13.Final.jar;C:\Users\mauro\.m2\repository\javax\validation\validation-api\2.0.1.Final\validation-api-2.0.1.Final.jar;C:\Users\mauro\.m2\repository\org\springframework\spring-web\5.0.10.RELEASE\spring-web-5.0.10.RELEASE.jar;C:\Users\mauro\.m2\repository\org\springframework\spring-webmvc\5.0.10.RELEASE\spring-webmvc-5.0.10.RELEASE.jar;C:\Users\mauro\.m2\repository\org\springframework\spring-expression\5.0.10.RELEASE\spring-expression-5.0.10.RELEASE.jar;C:\Users\mauro\.m2\repository\com\h2database\h2\1.4.197\h2-1.4.197.jar;C:\Users\mauro\.m2\repository\org\springframework\boot\spring-boot-starter-test\2.0.6.RELEASE\spring-boot-starter-test-2.0.6.RELEASE.jar;C:\Users\mauro\.m2\repository\org\springframework\boot\spring-boot-test\2.0.6.RELEASE\spring-boot-test-2.0.6.RELEASE.jar;C:\Users\mauro\.m2\repository\org\springframework\boot\spring-boot-test-autoconfigure\2.0.6.RELEASE\spring-boot-test-autoconfigure-2.0.6.RELEASE.jar;C:\Users\mauro\.m2\repository\com\jayway\jsonpath\json-path\2.4.0\json-path-2.4.0.jar;C:\Users\mauro\.m2\repository\net\minidev\json-smart\2.3\json-smart-2.3.jar;C:\Users\mauro\.m2\repository\net\minidev\accessors-smart\1.2\accessors-smart-1.2.jar;C:\Users\mauro\.m2\repository\org\ow2\asm\asm\5.0.4\asm-5.0.4.jar;C:\Users\mauro\.m2\repository\junit\junit\4.12\junit-4.12.jar;C:\Users\mauro\.m2\repository\org\assertj\assertj-core\3.9.1\assertj-core-3.9.1.jar;C:\Users\mauro\.m2\repository\org\mockito\mockito-core\2.15.0\mockito-core-2.15.0.jar;C:\Users\mauro\.m2\repository\net\bytebuddy\byte-buddy\1.7.11\byte-buddy-1.7.11.jar;C:\Users\mauro\.m2\repository\net\bytebuddy\byte-buddy-agent\1.7.11\byte-buddy-agent-1.7.11.jar;C:\Users\mauro\.m2\repository\org\objenesis\objenesis\2.6\objenesis-2.6.jar;C:\Users\mauro\.m2\repository\org\hamcrest\hamcrest-core\1.3\hamcrest-core-1.3.jar;C:\Users\mauro\.m2\repository\org\hamcrest\hamcrest-library\1.3\hamcrest-library-1.3.jar;C:\Users\mauro\.m2\repository\org\skyscreamer\jsonassert\1.5.0\jsonassert-1.5.0.jar;C:\Users\mauro\.m2\repository\com\vaadin\external\google\android-json\0.0.20131108.vaadin1\android-json-0.0.20131108.vaadin1.jar;C:\Users\mauro\.m2\repository\org\springframework\spring-core\5.0.10.RELEASE\spring-core-5.0.10.RELEASE.jar;C:\Users\mauro\.m2\repository\org\springframework\spring-jcl\5.0.10.RELEASE\spring-jcl-5.0.10.RELEASE.jar;C:\Users\mauro\.m2\repository\org\springframework\spring-test\5.0.10.RELEASE\spring-test-5.0.10.RELEASE.jar;C:\Users\mauro\.m2\repository\org\xmlunit\xmlunit-core\2.5.1\xmlunit-core-2.5.1.jar;C:\Users\mauro\.m2\repository\org\projectlombok\lombok\1.16.20\lombok-1.16.20.jar;, java.specification.name=Java Platform API Specification, java.class.version=52.0, sun.management.compiler=HotSpot 64-Bit Tiered Compilers, os.version=10.0, user.home=C:\Users\mauro, user.timezone=America/Buenos_Aires, java.awt.printerjob=sun.awt.windows.WPrinterJob, file.encoding=Cp1252, java.specification.version=1.8, java.class.path=C:\Users\mauro\Desktop\Operativa\TPStock\target\test-classes;C:\Users\mauro\Desktop\Operativa\TPStock\target\classes;C:\Users\mauro\.m2\repository\org\springframework\boot\spring-boot-starter-data-jpa\2.0.6.RELEASE\spring-boot-starter-data-jpa-2.0.6.RELEASE.jar;C:\Users\mauro\.m2\repository\org\springframework\boot\spring-boot-starter\2.0.6.RELEASE\spring-boot-starter-2.0.6.RELEASE.jar;C:\Users\mauro\.m2\repository\org\springframework\boot\spring-boot\2.0.6.RELEASE\spring-boot-2.0.6.RELEASE.jar;C:\Users\mauro\.m2\repository\org\springframework\boot\spring-boot-autoconfigure\2.0.6.RELEASE\spring-boot-autoconfigure-2.0.6.RELEASE.jar;C:\Users\mauro\.m2\repository\org\springframework\boot\spring-boot-starter-logging\2.0.6.RELEASE\spring-boot-starter-logging-2.0.6.RELEASE.jar;C:\Users\mauro\.m2\repository\ch\qos\logback\logback-classic\1.2.3\logback-classic-1.2.3.jar;C:\Users\mauro\.m2\repository\ch\qos\logback\logback-core\1.2.3\logback-core-1.2.3.jar;C:\Users\mauro\.m2\repository\org\apache\logging\log4j\log4j-to-slf4j\2.10.0\log4j-to-slf4j-2.10.0.jar;C:\Users\mauro\.m2\repository\org\apache\logging\log4j\log4j-api\2.10.0\log4j-api-2.10.0.jar;C:\Users\mauro\.m2\repository\org\slf4j\jul-to-slf4j\1.7.25\jul-to-slf4j-1.7.25.jar;C:\Users\mauro\.m2\repository\javax\annotation\javax.annotation-api\1.3.2\javax.annotation-api-1.3.2.jar;C:\Users\mauro\.m2\repository\org\yaml\snakeyaml\1.19\snakeyaml-1.19.jar;C:\Users\mauro\.m2\repository\org\springframework\boot\spring-boot-starter-aop\2.0.6.RELEASE\spring-boot-starter-aop-2.0.6.RELEASE.jar;C:\Users\mauro\.m2\repository\org\springframework\spring-aop\5.0.10.RELEASE\spring-aop-5.0.10.RELEASE.jar;C:\Users\mauro\.m2\repository\org\aspectj\aspectjweaver\1.8.13\aspectjweaver-1.8.13.jar;C:\Users\mauro\.m2\repository\org\springframework\boot\spring-boot-starter-jdbc\2.0.6.RELEASE\spring-boot-starter-jdbc-2.0.6.RELEASE.jar;C:\Users\mauro\.m2\repository\com\zaxxer\HikariCP\2.7.9\HikariCP-2.7.9.jar;C:\Users\mauro\.m2\repository\org\springframework\spring-jdbc\5.0.10.RELEASE\spring-jdbc-5.0.10.RELEASE.jar;C:\Users\mauro\.m2\repository\javax\transaction\javax.transaction-api\1.2\javax.transaction-api-1.2.jar;C:\Users\mauro\.m2\repository\org\hibernate\hibernate-core\5.2.17.Final\hibernate-core-5.2.17.Final.jar;C:\Users\mauro\.m2\repository\org\jboss\logging\jboss-logging\3.3.2.Final\jboss-logging-3.3.2.Final.jar;C:\Users\mauro\.m2\repository\org\hibernate\javax\persistence\hibernate-jpa-2.1-api\1.0.2.Final\hibernate-jpa-2.1-api-1.0.2.Final.jar;C:\Users\mauro\.m2\repository\org\javassist\javassist\3.22.0-GA\javassist-3.22.0-GA.jar;C:\Users\mauro\.m2\repository\antlr\antlr\2.7.7\antlr-2.7.7.jar;C:\Users\mauro\.m2\repository\org\jboss\jandex\2.0.3.Final\jandex-2.0.3.Final.jar;C:\Users\mauro\.m2\repository\com\fasterxml\classmate\1.3.4\classmate-1.3.4.jar;C:\Users\mauro\.m2\repository\dom4j\dom4j\1.6.1\dom4j-1.6.1.jar;C:\Users\mauro\.m2\repository\org\hibernate\common\hibernate-commons-annotations\5.0.1.Final\hibernate-commons-annotations-5.0.1.Final.jar;C:\Users\mauro\.m2\repository\org\springframework\data\spring-data-jpa\2.0.11.RELEASE\spring-data-jpa-2.0.11.RELEASE.jar;C:\Users\mauro\.m2\repository\org\springframework\data\spring-data-commons\2.0.11.RELEASE\spring-data-commons-2.0.11.RELEASE.jar;C:\Users\mauro\.m2\repository\org\springframework\spring-orm\5.0.10.RELEASE\spring-orm-5.0.10.RELEASE.jar;C:\Users\mauro\.m2\repository\org\springframework\spring-context\5.0.10.RELEASE\spring-context-5.0.10.RELEASE.jar;C:\Users\mauro\.m2\repository\org\springframework\spring-tx\5.0.10.RELEASE\spring-tx-5.0.10.RELEASE.jar;C:\Users\mauro\.m2\repository\org\springframework\spring-beans\5.0.10.RELEASE\spring-beans-5.0.10.RELEASE.jar;C:\Users\mauro\.m2\repository\org\slf4j\slf4j-api\1.7.25\slf4j-api-1.7.25.jar;C:\Users\mauro\.m2\repository\org\springframework\spring-aspects\5.0.10.RELEASE\spring-aspects-5.0.10.RELEASE.jar;C:\Users\mauro\.m2\repository\org\springframework\boot\spring-boot-starter-web\2.0.6.RELEASE\spring-boot-starter-web-2.0.6.RELEASE.jar;C:\Users\mauro\.m2\repository\org\springframework\boot\spring-boot-starter-json\2.0.6.RELEASE\spring-boot-starter-json-2.0.6.RELEASE.jar;C:\Users\mauro\.m2\repository\com\fasterxml\jackson\core\jackson-databind\2.9.7\jackson-databind-2.9.7.jar;C:\Users\mauro\.m2\repository\com\fasterxml\jackson\core\jackson-annotations\2.9.0\jackson-annotations-2.9.0.jar;C:\Users\mauro\.m2\repository\com\fasterxml\jackson\core\jackson-core\2.9.7\jackson-core-2.9.7.jar;C:\Users\mauro\.m2\repository\com\fasterxml\jackson\datatype\jackson-datatype-jdk8\2.9.7\jackson-datatype-jdk8-2.9.7.jar;C:\Users\mauro\.m2\repository\com\fasterxml\jackson\datatype\jackson-datatype-jsr310\2.9.7\jackson-datatype-jsr310-2.9.7.jar;C:\Users\mauro\.m2\repository\com\fasterxml\jackson\module\jackson-module-parameter-names\2.9.7\jackson-module-parameter-names-2.9.7.jar;C:\Users\mauro\.m2\repository\org\springframework\boot\spring-boot-starter-tomcat\2.0.6.RELEASE\spring-boot-starter-tomcat-2.0.6.RELEASE.jar;C:\Users\mauro\.m2\repository\org\apache\tomcat\embed\tomcat-embed-core\8.5.34\tomcat-embed-core-8.5.34.jar;C:\Users\mauro\.m2\repository\org\apache\tomcat\embed\tomcat-embed-el\8.5.34\tomcat-embed-el-8.5.34.jar;C:\Users\mauro\.m2\repository\org\apache\tomcat\embed\tomcat-embed-websocket\8.5.34\tomcat-embed-websocket-8.5.34.jar;C:\Users\mauro\.m2\repository\org\hibernate\validator\hibernate-validator\6.0.13.Final\hibernate-validator-6.0.13.Final.jar;C:\Users\mauro\.m2\repository\javax\validation\validation-api\2.0.1.Final\validation-api-2.0.1.Final.jar;C:\Users\mauro\.m2\repository\org\springframework\spring-web\5.0.10.RELEASE\spring-web-5.0.10.RELEASE.jar;C:\Users\mauro\.m2\repository\org\springframework\spring-webmvc\5.0.10.RELEASE\spring-webmvc-5.0.10.RELEASE.jar;C:\Users\mauro\.m2\repository\org\springframework\spring-expression\5.0.10.RELEASE\spring-expression-5.0.10.RELEASE.jar;C:\Users\mauro\.m2\repository\com\h2database\h2\1.4.197\h2-1.4.197.jar;C:\Users\mauro\.m2\repository\org\springframework\boot\spring-boot-starter-test\2.0.6.RELEASE\spring-boot-starter-test-2.0.6.RELEASE.jar;C:\Users\mauro\.m2\repository\org\springframework\boot\spring-boot-test\2.0.6.RELEASE\spring-boot-test-2.0.6.RELEASE.jar;C:\Users\mauro\.m2\repository\org\springframework\boot\spring-boot-test-autoconfigure\2.0.6.RELEASE\spring-boot-test-autoconfigure-2.0.6.RELEASE.jar;C:\Users\mauro\.m2\repository\com\jayway\jsonpath\json-path\2.4.0\json-path-2.4.0.jar;C:\Users\mauro\.m2\repository\net\minidev\json-smart\2.3\json-smart-2.3.jar;C:\Users\mauro\.m2\repository\net\minidev\accessors-smart\1.2\accessors-smart-1.2.jar;C:\Users\mauro\.m2\repository\org\ow2\asm\asm\5.0.4\asm-5.0.4.jar;C:\Users\mauro\.m2\repository\junit\junit\4.12\junit-4.12.jar;C:\Users\mauro\.m2\repository\org\assertj\assertj-core\3.9.1\assertj-core-3.9.1.jar;C:\Users\mauro\.m2\repository\org\mockito\mockito-core\2.15.0\mockito-core-2.15.0.jar;C:\Users\mauro\.m2\repository\net\bytebuddy\byte-buddy\1.7.11\byte-buddy-1.7.11.jar;C:\Users\mauro\.m2\repository\net\bytebuddy\byte-buddy-agent\1.7.11\byte-buddy-agent-1.7.11.jar;C:\Users\mauro\.m2\repository\org\objenesis\objenesis\2.6\objenesis-2.6.jar;C:\Users\mauro\.m2\repository\org\hamcrest\hamcrest-core\1.3\hamcrest-core-1.3.jar;C:\Users\mauro\.m2\repository\org\hamcrest\hamcrest-library\1.3\hamcrest-library-1.3.jar;C:\Users\mauro\.m2\repository\org\skyscreamer\jsonassert\1.5.0\jsonassert-1.5.0.jar;C:\Users\mauro\.m2\repository\com\vaadin\external\google\android-json\0.0.20131108.vaadin1\android-json-0.0.20131108.vaadin1.jar;C:\Users\mauro\.m2\repository\org\springframework\spring-core\5.0.10.RELEASE\spring-core-5.0.10.RELEASE.jar;C:\Users\mauro\.m2\repository\org\springframework\spring-jcl\5.0.10.RELEASE\spring-jcl-5.0.10.RELEASE.jar;C:\Users\mauro\.m2\repository\org\springframework\spring-test\5.0.10.RELEASE\spring-test-5.0.10.RELEASE.jar;C:\Users\mauro\.m2\repository\org\xmlunit\xmlunit-core\2.5.1\xmlunit-core-2.5.1.jar;C:\Users\mauro\.m2\repository\org\projectlombok\lombok\1.16.20\lombok-1.16.20.jar;, user.name=mauro, java.vm.specification.version=1.8, sun.java.command=C:\Users\mauro\AppData\Local\Temp\surefire4365956648074088255\surefirebooter4361865983133799604.jar C:\Users\mauro\AppData\Local\Temp\surefire4365956648074088255 2018-10-20T22-03-41_462-jvmRun1 surefire5945354520366847290tmp surefire_05011515680414041181tmp, java.home=C:\Program Files\Java\jdk1.8.0_91\jre, sun.arch.data.model=64, user.language=es, java.specification.vendor=Oracle Corporation, awt.toolkit=sun.awt.windows.WToolkit, java.vm.info=mixed mode, java.version=1.8.0_91, java.ext.dirs=C:\Program Files\Java\jdk1.8.0_91\jre\lib\ext;C:\WINDOWS\Sun\Java\lib\ext, sun.boot.class.path=C:\Program Files\Java\jdk1.8.0_91\jre\lib\resources.jar;C:\Program Files\Java\jdk1.8.0_91\jre\lib\rt.jar;C:\Program Files\Java\jdk1.8.0_91\jre\lib\sunrsasign.jar;C:\Program Files\Java\jdk1.8.0_91\jre\lib\jsse.jar;C:\Program Files\Java\jdk1.8.0_91\jre\lib\jce.jar;C:\Program Files\Java\jdk1.8.0_91\jre\lib\charsets.jar;C:\Program Files\Java\jdk1.8.0_91\jre\lib\jfr.jar;C:\Program Files\Java\jdk1.8.0_91\jre\classes, java.vendor=Oracle Corporation, localRepository=C:\Users\mauro\.m2\repository, file.separator=\, java.vendor.url.bug=http://bugreport.sun.com/bugreport/, sun.io.unicode.encoding=UnicodeLittle, sun.cpu.endian=little, sun.desktop=windows, sun.cpu.isalist=amd64}}, SystemEnvironmentPropertySource@565372776 {name='systemEnvironment', properties={JAVA=C:\Program Files\Java\jdk1.8.0_91, PATH=C:\Python27\;C:\Python27\Scripts;C:\Program Files (x86)\Common Files\Oracle\Java\javapath;C:\ProgramData\Oracle\Java\javapath;C:\WINDOWS\system32;C:\WINDOWS;C:\WINDOWS\System32\Wbem;C:\WINDOWS\System32\WindowsPowerShell\v1.0\;C:\Program Files\Java\jdk1.8.0_91\bin;C:\Program Files\Git\cmd;C:\xampp\php;C:\Program Files\Java\jdk1.8.0_91\bin;C:\apache-maven-3.5.3-bin\apache-maven-3.5.3\bin;C:\WINDOWS\System32\OpenSSH\;C:\composer;C:\Program Files\nodejs\;C:\Python27\;C:\Users\mauro\Desktop\Python_ejecutables\Django-1.11.15\django;C:\Python\Scripts\;C:\Users\mauro\AppData\Local\Microsoft\WindowsApps;;C:\Users\mauro\AppData\Roaming\Composer\vendor\bin;C:\Program Files\Microsoft VS Code\bin;C:\Users\mauro\AppData\Roaming\npm, USERDOMAIN_ROAMINGPROFILE=YINI-MAURO, PROCESSOR_LEVEL=6, SYSTEMDRIVE=C:, SESSIONNAME=Console, ALLUSERSPROFILE=C:\ProgramData, PROCESSOR_ARCHITECTURE=AMD64, DRIVERDATA=C:\Windows\System32\Drivers\DriverData, MAVEN_HOME=C:\apache-maven-3.5.3-bin\apache-maven-3.5.3\bin\.., PROGRAMFILES=C:\Program Files, PSMODULEPATH=C:\Program Files\WindowsPowerShell\Modules;C:\WINDOWS\system32\WindowsPowerShell\v1.0\Modules, PROGRAMDATA=C:\ProgramData, USERNAME=mauro, WDIR=C:\Users\mauro\Desktop\Operativa\TPStock, FPS_BROWSER_USER_PROFILE_STRING=Default, ONEDRIVE=C:\Users\mauro\OneDrive, PATHEXT=.COM;.EXE;.BAT;.CMD;.VBS;.VBE;.JS;.JSE;.WSF;.WSH;.MSC, CLASSWORLDS_JAR="C:\apache-maven-3.5.3-bin\apache-maven-3.5.3\bin\..\boot\plexus-classworlds-2.5.2.jar", WINDIR=C:\WINDOWS, HOMEPATH=\Users\mauro, PROCESSOR_IDENTIFIER=Intel64 Family 6 Model 78 Stepping 3, GenuineIntel, M2_HOME=C:\apache-maven-3.5.3-bin\apache-maven-3.5.3, PUBLIC=C:\Users\Public, =::=::\, LOCALAPPDATA=C:\Users\mauro\AppData\Local, COMMONPROGRAMFILES(X86)=C:\Program Files (x86)\Common Files, USERDOMAIN=YINI-MAURO, FPS_BROWSER_APP_PROFILE_STRING=Internet Explorer, LOGONSERVER=\\YINI-MAURO, JAVA_HOME=C:\Program Files\Java\jdk1.8.0_91, PROMPT=$P$G, PROGRAMFILES(X86)=C:\Program Files (x86), ERROR_CODE=0, EXEC_DIR=C:\Users\mauro\Desktop\Operativa\TPStock, =C:=C:\Users\mauro\Desktop\Operativa\TPStock, APPDATA=C:\Users\mauro\AppData\Roaming, PROGRAMW6432=C:\Program Files, SYSTEMROOT=C:\WINDOWS, MAVEN_CMD_LINE_ARGS=clean install, OS=Windows_NT, COMMONPROGRAMW6432=C:\Program Files\Common Files, COMPUTERNAME=YINI-MAURO, COMMONPROGRAMFILES=C:\Program Files\Common Files, COMSPEC=C:\WINDOWS\system32\cmd.exe, JAVACMD=C:\Program Files\Java\jdk1.8.0_91\bin\java.exe, MAVEN_PROJECTBASEDIR=C:\Users\mauro\Desktop\Operativa\TPStock, PROCESSOR_REVISION=4e03, CLASSWORLDS_LAUNCHER=org.codehaus.plexus.classworlds.launcher.Launcher, TEMP=C:\Users\mauro\AppData\Local\Temp, HOMEDRIVE=C:, USERPROFILE=C:\Users\mauro, TMP=C:\Users\mauro\AppData\Local\Temp, NUMBER_OF_PROCESSORS=4, JVMCONFIG=\.mvn\jvm.config}}]
22:03:47.685 [main] DEBUG org.springframework.test.context.support.TestPropertySourceUtils - Adding inlined properties to environment: {spring.jmx.enabled=false, org.springframework.boot.test.context.SpringBootTestContextBootstrapper=true, server.port=-1}
22:03:47.686 [main] DEBUG org.springframework.core.env.StandardEnvironment - Adding PropertySource 'Inlined Test Properties' with highest search precedence

  .   ____          _            __ _ _
 /\\ / ___'_ __ _ _(_)_ __  __ _ \ \ \ \
( ( )\___ | '_ | '_| | '_ \/ _` | \ \ \ \
 \\/  ___)| |_)| | | | | || (_| |  ) ) ) )
  '  |____| .__|_| |_|_| |_\__, | / / / /
 =========|_|==============|___/=/_/_/_/
 :: Spring Boot ::        (v2.0.6.RELEASE)

2018-10-20 22:03:48.496  INFO 10388 --- [           main] c.TPStock.Onaine.OnaineApplicationTests  : Starting OnaineApplicationTests on Yini-Mauro with PID 10388 (started by mauro in C:\Users\mauro\Desktop\Operativa\TPStock)
2018-10-20 22:03:48.499  INFO 10388 --- [           main] c.TPStock.Onaine.OnaineApplicationTests  : No active profile set, falling back to default profiles: default
2018-10-20 22:03:48.617  INFO 10388 --- [           main] o.s.w.c.s.GenericWebApplicationContext   : Refreshing org.springframework.web.context.support.GenericWebApplicationContext@273444fe: startup date [Sat Oct 20 22:03:48 ART 2018]; root of context hierarchy
2018-10-20 22:03:51.729  INFO 10388 --- [           main] trationDelegate$BeanPostProcessorChecker : Bean 'org.springframework.transaction.annotation.ProxyTransactionManagementConfiguration' of type [org.springframework.transaction.annotation.ProxyTransactionManagementConfiguration$$EnhancerBySpringCGLIB$$2de7bd0f] is not eligible for getting processed by all BeanPostProcessors (for example: not eligible for auto-proxying)
2018-10-20 22:03:52.218  INFO 10388 --- [           main] com.zaxxer.hikari.HikariDataSource       : HikariPool-1 - Starting...
2018-10-20 22:03:52.625  INFO 10388 --- [           main] com.zaxxer.hikari.HikariDataSource       : HikariPool-1 - Start completed.
2018-10-20 22:03:52.802  INFO 10388 --- [           main] j.LocalContainerEntityManagerFactoryBean : Building JPA container EntityManagerFactory for persistence unit 'default'
2018-10-20 22:03:52.952  INFO 10388 --- [           main] o.hibernate.jpa.internal.util.LogHelper  : HHH000204: Processing PersistenceUnitInfo [
	name: default
	...]
2018-10-20 22:03:53.186  INFO 10388 --- [           main] org.hibernate.Version                    : HHH000412: Hibernate Core {5.2.17.Final}
2018-10-20 22:03:53.188  INFO 10388 --- [           main] org.hibernate.cfg.Environment            : HHH000206: hibernate.properties not found
2018-10-20 22:03:53.286  INFO 10388 --- [           main] o.hibernate.annotations.common.Version   : HCANN000001: Hibernate Commons Annotations {5.0.1.Final}
2018-10-20 22:03:53.643  INFO 10388 --- [           main] org.hibernate.dialect.Dialect            : HHH000400: Using dialect: org.hibernate.dialect.H2Dialect
2018-10-20 22:03:54.475  INFO 10388 --- [           main] o.h.t.schema.internal.SchemaCreatorImpl  : HHH000476: Executing import script 'org.hibernate.tool.schema.internal.exec.ScriptSourceInputNonExistentImpl@67de7a99'
2018-10-20 22:03:54.482  INFO 10388 --- [           main] j.LocalContainerEntityManagerFactoryBean : Initialized JPA EntityManagerFactory for persistence unit 'default'
2018-10-20 22:03:55.206  INFO 10388 --- [           main] o.s.w.s.handler.SimpleUrlHandlerMapping  : Mapped URL path [/**/favicon.ico] onto handler of type [class org.springframework.web.servlet.resource.ResourceHttpRequestHandler]
2018-10-20 22:03:56.360  WARN 10388 --- [           main] o.s.w.c.s.GenericWebApplicationContext   : Exception encountered during context initialization - cancelling refresh attempt: org.springframework.beans.factory.BeanCreationException: Error creating bean with name 'requestMappingHandlerAdapter' defined in class path resource [org/springframework/boot/autoconfigure/web/servlet/WebMvcAutoConfiguration$EnableWebMvcConfiguration.class]: Bean instantiation via factory method failed; nested exception is org.springframework.beans.BeanInstantiationException: Failed to instantiate [org.springframework.web.servlet.mvc.method.annotation.RequestMappingHandlerAdapter]: Factory method 'requestMappingHandlerAdapter' threw exception; nested exception is org.springframework.beans.factory.BeanCreationException: Error creating bean with name 'mvcConversionService' defined in class path resource [org/springframework/boot/autoconfigure/web/servlet/WebMvcAutoConfiguration$EnableWebMvcConfiguration.class]: Bean instantiation via factory method failed; nested exception is org.springframework.beans.BeanInstantiationException: Failed to instantiate [org.springframework.format.support.FormattingConversionService]: Factory method 'mvcConversionService' threw exception; nested exception is org.springframework.beans.factory.BeanCreationException: Error creating bean with name 'proveedorRepos': Invocation of init method failed; nested exception is java.lang.IllegalArgumentException: Not a managed type: class com.TPStock.Onaine.Modelo.Proveedor
2018-10-20 22:03:56.362  INFO 10388 --- [           main] j.LocalContainerEntityManagerFactoryBean : Closing JPA EntityManagerFactory for persistence unit 'default'
2018-10-20 22:03:56.373  INFO 10388 --- [           main] .SchemaDropperImpl$DelayedDropActionImpl : HHH000477: Starting delayed drop of schema as part of SessionFactory shut-down'
2018-10-20 22:03:56.376  INFO 10388 --- [           main] com.zaxxer.hikari.HikariDataSource       : HikariPool-1 - Shutdown initiated...
2018-10-20 22:03:56.401  INFO 10388 --- [           main] com.zaxxer.hikari.HikariDataSource       : HikariPool-1 - Shutdown completed.
2018-10-20 22:03:56.426  INFO 10388 --- [           main] ConditionEvaluationReportLoggingListener : 

Error starting ApplicationContext. To display the conditions report re-run your application with 'debug' enabled.
2018-10-20 22:03:56.450 ERROR 10388 --- [           main] o.s.boot.SpringApplication               : Application run failed

org.springframework.beans.factory.BeanCreationException: Error creating bean with name 'requestMappingHandlerAdapter' defined in class path resource [org/springframework/boot/autoconfigure/web/servlet/WebMvcAutoConfiguration$EnableWebMvcConfiguration.class]: Bean instantiation via factory method failed; nested exception is org.springframework.beans.BeanInstantiationException: Failed to instantiate [org.springframework.web.servlet.mvc.method.annotation.RequestMappingHandlerAdapter]: Factory method 'requestMappingHandlerAdapter' threw exception; nested exception is org.springframework.beans.factory.BeanCreationException: Error creating bean with name 'mvcConversionService' defined in class path resource [org/springframework/boot/autoconfigure/web/servlet/WebMvcAutoConfiguration$EnableWebMvcConfiguration.class]: Bean instantiation via factory method failed; nested exception is org.springframework.beans.BeanInstantiationException: Failed to instantiate [org.springframework.format.support.FormattingConversionService]: Factory method 'mvcConversionService' threw exception; nested exception is org.springframework.beans.factory.BeanCreationException: Error creating bean with name 'proveedorRepos': Invocation of init method failed; nested exception is java.lang.IllegalArgumentException: Not a managed type: class com.TPStock.Onaine.Modelo.Proveedor
	at org.springframework.beans.factory.support.ConstructorResolver.instantiateUsingFactoryMethod(ConstructorResolver.java:591) ~[spring-beans-5.0.10.RELEASE.jar:5.0.10.RELEASE]
	at org.springframework.beans.factory.support.AbstractAutowireCapableBeanFactory.instantiateUsingFactoryMethod(AbstractAutowireCapableBeanFactory.java:1246) ~[spring-beans-5.0.10.RELEASE.jar:5.0.10.RELEASE]
	at org.springframework.beans.factory.support.AbstractAutowireCapableBeanFactory.createBeanInstance(AbstractAutowireCapableBeanFactory.java:1096) ~[spring-beans-5.0.10.RELEASE.jar:5.0.10.RELEASE]
	at org.springframework.beans.factory.support.AbstractAutowireCapableBeanFactory.doCreateBean(AbstractAutowireCapableBeanFactory.java:535) ~[spring-beans-5.0.10.RELEASE.jar:5.0.10.RELEASE]
	at org.springframework.beans.factory.support.AbstractAutowireCapableBeanFactory.createBean(AbstractAutowireCapableBeanFactory.java:495) ~[spring-beans-5.0.10.RELEASE.jar:5.0.10.RELEASE]
	at org.springframework.beans.factory.support.AbstractBeanFactory.lambda$doGetBean$0(AbstractBeanFactory.java:317) ~[spring-beans-5.0.10.RELEASE.jar:5.0.10.RELEASE]
	at org.springframework.beans.factory.support.DefaultSingletonBeanRegistry.getSingleton(DefaultSingletonBeanRegistry.java:222) ~[spring-beans-5.0.10.RELEASE.jar:5.0.10.RELEASE]
	at org.springframework.beans.factory.support.AbstractBeanFactory.doGetBean(AbstractBeanFactory.java:315) ~[spring-beans-5.0.10.RELEASE.jar:5.0.10.RELEASE]
	at org.springframework.beans.factory.support.AbstractBeanFactory.getBean(AbstractBeanFactory.java:199) ~[spring-beans-5.0.10.RELEASE.jar:5.0.10.RELEASE]
	at org.springframework.beans.factory.support.DefaultListableBeanFactory.preInstantiateSingletons(DefaultListableBeanFactory.java:759) ~[spring-beans-5.0.10.RELEASE.jar:5.0.10.RELEASE]
	at org.springframework.context.support.AbstractApplicationContext.finishBeanFactoryInitialization(AbstractApplicationContext.java:867) ~[spring-context-5.0.10.RELEASE.jar:5.0.10.RELEASE]
	at org.springframework.context.support.AbstractApplicationContext.refresh(AbstractApplicationContext.java:548) ~[spring-context-5.0.10.RELEASE.jar:5.0.10.RELEASE]
	at org.springframework.boot.SpringApplication.refresh(SpringApplication.java:754) ~[spring-boot-2.0.6.RELEASE.jar:2.0.6.RELEASE]
	at org.springframework.boot.SpringApplication.refreshContext(SpringApplication.java:386) ~[spring-boot-2.0.6.RELEASE.jar:2.0.6.RELEASE]
	at org.springframework.boot.SpringApplication.run(SpringApplication.java:307) ~[spring-boot-2.0.6.RELEASE.jar:2.0.6.RELEASE]
	at org.springframework.boot.test.context.SpringBootContextLoader.loadContext(SpringBootContextLoader.java:127) [spring-boot-test-2.0.6.RELEASE.jar:2.0.6.RELEASE]
	at org.springframework.test.context.cache.DefaultCacheAwareContextLoaderDelegate.loadContextInternal(DefaultCacheAwareContextLoaderDelegate.java:99) [spring-test-5.0.10.RELEASE.jar:5.0.10.RELEASE]
	at org.springframework.test.context.cache.DefaultCacheAwareContextLoaderDelegate.loadContext(DefaultCacheAwareContextLoaderDelegate.java:117) [spring-test-5.0.10.RELEASE.jar:5.0.10.RELEASE]
	at org.springframework.test.context.support.DefaultTestContext.getApplicationContext(DefaultTestContext.java:108) [spring-test-5.0.10.RELEASE.jar:5.0.10.RELEASE]
	at org.springframework.test.context.web.ServletTestExecutionListener.setUpRequestContextIfNecessary(ServletTestExecutionListener.java:190) [spring-test-5.0.10.RELEASE.jar:5.0.10.RELEASE]
	at org.springframework.test.context.web.ServletTestExecutionListener.prepareTestInstance(ServletTestExecutionListener.java:132) [spring-test-5.0.10.RELEASE.jar:5.0.10.RELEASE]
	at org.springframework.test.context.TestContextManager.prepareTestInstance(TestContextManager.java:246) [spring-test-5.0.10.RELEASE.jar:5.0.10.RELEASE]
	at org.springframework.test.context.junit4.SpringJUnit4ClassRunner.createTest(SpringJUnit4ClassRunner.java:227) [spring-test-5.0.10.RELEASE.jar:5.0.10.RELEASE]
	at org.springframework.test.context.junit4.SpringJUnit4ClassRunner$1.runReflectiveCall(SpringJUnit4ClassRunner.java:289) [spring-test-5.0.10.RELEASE.jar:5.0.10.RELEASE]
	at org.junit.internal.runners.model.ReflectiveCallable.run(ReflectiveCallable.java:12) [junit-4.12.jar:4.12]
	at org.springframework.test.context.junit4.SpringJUnit4ClassRunner.methodBlock(SpringJUnit4ClassRunner.java:291) [spring-test-5.0.10.RELEASE.jar:5.0.10.RELEASE]
	at org.springframework.test.context.junit4.SpringJUnit4ClassRunner.runChild(SpringJUnit4ClassRunner.java:246) [spring-test-5.0.10.RELEASE.jar:5.0.10.RELEASE]
	at org.springframework.test.context.junit4.SpringJUnit4ClassRunner.runChild(SpringJUnit4ClassRunner.java:97) [spring-test-5.0.10.RELEASE.jar:5.0.10.RELEASE]
	at org.junit.runners.ParentRunner$3.run(ParentRunner.java:290) [junit-4.12.jar:4.12]
	at org.junit.runners.ParentRunner$1.schedule(ParentRunner.java:71) [junit-4.12.jar:4.12]
	at org.junit.runners.ParentRunner.runChildren(ParentRunner.java:288) [junit-4.12.jar:4.12]
	at org.junit.runners.ParentRunner.access$000(ParentRunner.java:58) [junit-4.12.jar:4.12]
	at org.junit.runners.ParentRunner$2.evaluate(ParentRunner.java:268) [junit-4.12.jar:4.12]
	at org.springframework.test.context.junit4.statements.RunBeforeTestClassCallbacks.evaluate(RunBeforeTestClassCallbacks.java:61) [spring-test-5.0.10.RELEASE.jar:5.0.10.RELEASE]
	at org.springframework.test.context.junit4.statements.RunAfterTestClassCallbacks.evaluate(RunAfterTestClassCallbacks.java:70) [spring-test-5.0.10.RELEASE.jar:5.0.10.RELEASE]
	at org.junit.runners.ParentRunner.run(ParentRunner.java:363) [junit-4.12.jar:4.12]
	at org.springframework.test.context.junit4.SpringJUnit4ClassRunner.run(SpringJUnit4ClassRunner.java:190) [spring-test-5.0.10.RELEASE.jar:5.0.10.RELEASE]
	at org.apache.maven.surefire.junit4.JUnit4Provider.execute(JUnit4Provider.java:365) [surefire-junit4-2.21.0.jar:2.21.0]
	at org.apache.maven.surefire.junit4.JUnit4Provider.executeWithRerun(JUnit4Provider.java:273) [surefire-junit4-2.21.0.jar:2.21.0]
	at org.apache.maven.surefire.junit4.JUnit4Provider.executeTestSet(JUnit4Provider.java:238) [surefire-junit4-2.21.0.jar:2.21.0]
	at org.apache.maven.surefire.junit4.JUnit4Provider.invoke(JUnit4Provider.java:159) [surefire-junit4-2.21.0.jar:2.21.0]
	at org.apache.maven.surefire.booter.ForkedBooter.invokeProviderInSameClassLoader(ForkedBooter.java:379) [surefire-booter-2.21.0.jar:2.21.0]
	at org.apache.maven.surefire.booter.ForkedBooter.runSuitesInProcess(ForkedBooter.java:340) [surefire-booter-2.21.0.jar:2.21.0]
	at org.apache.maven.surefire.booter.ForkedBooter.execute(ForkedBooter.java:125) [surefire-booter-2.21.0.jar:2.21.0]
	at org.apache.maven.surefire.booter.ForkedBooter.main(ForkedBooter.java:413) [surefire-booter-2.21.0.jar:2.21.0]
Caused by: org.springframework.beans.BeanInstantiationException: Failed to instantiate [org.springframework.web.servlet.mvc.method.annotation.RequestMappingHandlerAdapter]: Factory method 'requestMappingHandlerAdapter' threw exception; nested exception is org.springframework.beans.factory.BeanCreationException: Error creating bean with name 'mvcConversionService' defined in class path resource [org/springframework/boot/autoconfigure/web/servlet/WebMvcAutoConfiguration$EnableWebMvcConfiguration.class]: Bean instantiation via factory method failed; nested exception is org.springframework.beans.BeanInstantiationException: Failed to instantiate [org.springframework.format.support.FormattingConversionService]: Factory method 'mvcConversionService' threw exception; nested exception is org.springframework.beans.factory.BeanCreationException: Error creating bean with name 'proveedorRepos': Invocation of init method failed; nested exception is java.lang.IllegalArgumentException: Not a managed type: class com.TPStock.Onaine.Modelo.Proveedor
	at org.springframework.beans.factory.support.SimpleInstantiationStrategy.instantiate(SimpleInstantiationStrategy.java:185) ~[spring-beans-5.0.10.RELEASE.jar:5.0.10.RELEASE]
	at org.springframework.beans.factory.support.ConstructorResolver.instantiateUsingFactoryMethod(ConstructorResolver.java:583) ~[spring-beans-5.0.10.RELEASE.jar:5.0.10.RELEASE]
	... 44 common frames omitted
Caused by: org.springframework.beans.factory.BeanCreationException: Error creating bean with name 'mvcConversionService' defined in class path resource [org/springframework/boot/autoconfigure/web/servlet/WebMvcAutoConfiguration$EnableWebMvcConfiguration.class]: Bean instantiation via factory method failed; nested exception is org.springframework.beans.BeanInstantiationException: Failed to instantiate [org.springframework.format.support.FormattingConversionService]: Factory method 'mvcConversionService' threw exception; nested exception is org.springframework.beans.factory.BeanCreationException: Error creating bean with name 'proveedorRepos': Invocation of init method failed; nested exception is java.lang.IllegalArgumentException: Not a managed type: class com.TPStock.Onaine.Modelo.Proveedor
	at org.springframework.beans.factory.support.ConstructorResolver.instantiateUsingFactoryMethod(ConstructorResolver.java:591) ~[spring-beans-5.0.10.RELEASE.jar:5.0.10.RELEASE]
	at org.springframework.beans.factory.support.AbstractAutowireCapableBeanFactory.instantiateUsingFactoryMethod(AbstractAutowireCapableBeanFactory.java:1246) ~[spring-beans-5.0.10.RELEASE.jar:5.0.10.RELEASE]
	at org.springframework.beans.factory.support.AbstractAutowireCapableBeanFactory.createBeanInstance(AbstractAutowireCapableBeanFactory.java:1096) ~[spring-beans-5.0.10.RELEASE.jar:5.0.10.RELEASE]
	at org.springframework.beans.factory.support.AbstractAutowireCapableBeanFactory.doCreateBean(AbstractAutowireCapableBeanFactory.java:535) ~[spring-beans-5.0.10.RELEASE.jar:5.0.10.RELEASE]
	at org.springframework.beans.factory.support.AbstractAutowireCapableBeanFactory.createBean(AbstractAutowireCapableBeanFactory.java:495) ~[spring-beans-5.0.10.RELEASE.jar:5.0.10.RELEASE]
	at org.springframework.beans.factory.support.AbstractBeanFactory.lambda$doGetBean$0(AbstractBeanFactory.java:317) ~[spring-beans-5.0.10.RELEASE.jar:5.0.10.RELEASE]
	at org.springframework.beans.factory.support.DefaultSingletonBeanRegistry.getSingleton(DefaultSingletonBeanRegistry.java:222) ~[spring-beans-5.0.10.RELEASE.jar:5.0.10.RELEASE]
	at org.springframework.beans.factory.support.AbstractBeanFactory.doGetBean(AbstractBeanFactory.java:315) ~[spring-beans-5.0.10.RELEASE.jar:5.0.10.RELEASE]
[...]
	at org.apache.maven.surefire.booter.ForkedBooter.execute(ForkedBooter.java:125) [surefire-booter-2.21.0.jar:2.21.0]
	at org.apache.maven.surefire.booter.ForkedBooter.main(ForkedBooter.java:413) [surefire-booter-2.21.0.jar:2.21.0]
Caused by: org.springframework.beans.factory.BeanCreationException: Error creating bean with name 'requestMappingHandlerAdapter' defined in class path resource [org/springframework/boot/autoconfigure/web/servlet/WebMvcAutoConfiguration$EnableWebMvcConfiguration.class]: Bean instantiation via factory method failed; nested exception is org.springframework.beans.BeanInstantiationException: Failed to instantiate [org.springframework.web.servlet.mvc.method.annotation.RequestMappingHandlerAdapter]: Factory method 'requestMappingHandlerAdapter' threw exception; nested exception is org.springframework.beans.factory.BeanCreationException: Error creating bean with name 'mvcConversionService' defined in class path resource [org/springframework/boot/autoconfigure/web/servlet/WebMvcAutoConfiguration$EnableWebMvcConfiguration.class]: Bean instantiation via factory method failed; nested exception is org.springframework.beans.BeanInstantiationException: Failed to instantiate [org.springframework.format.support.FormattingConversionService]: Factory method 'mvcConversionService' threw exception; nested exception is org.springframework.beans.factory.BeanCreationException: Error creating bean with name 'proveedorRepos': Invocation of init method failed; nested exception is java.lang.IllegalArgumentException: Not a managed type: class com.TPStock.Onaine.Modelo.Proveedor
	at org.springframework.beans.factory.support.ConstructorResolver.instantiateUsingFactoryMethod(ConstructorResolver.java:591) ~[spring-beans-5.0.10.RELEASE.jar:5.0.10.RELEASE]
	at org.springframework.beans.factory.support.AbstractAutowireCapableBeanFactory.instantiateUsingFactoryMethod(AbstractAutowireCapableBeanFactory.java:1246) ~[spring-beans-5.0.10.RELEASE.jar:5.0.10.RELEASE]
	at org.springframework.beans.factory.support.AbstractAutowireCapableBeanFactory.createBeanInstance(AbstractAutowireCapableBeanFactory.java:1096) ~[spring-beans-5.0.10.RELEASE.jar:5.0.10.RELEASE]
	at org.springframework.beans.factory.support.AbstractAutowireCapableBeanFactory.doCreateBean(AbstractAutowireCapableBeanFactory.java:535) ~[spring-beans-5.0.10.RELEASE.jar:5.0.10.RELEASE]
	at org.springframework.beans.factory.support.AbstractAutowireCapableBeanFactory.createBean(AbstractAutowireCapableBeanFactory.java:495) ~[spring-beans-5.0.10.RELEASE.jar:5.0.10.RELEASE]
	at org.springframework.beans.factory.support.AbstractBeanFactory.lambda$doGetBean$0(AbstractBeanFactory.java:317) ~[spring-beans-5.0.10.RELEASE.jar:5.0.10.RELEASE]
	at org.springframework.beans.factory.support.DefaultSingletonBeanRegistry.getSingleton(DefaultSingletonBeanRegistry.java:222) ~[spring-beans-5.0.10.RELEASE.jar:5.0.10.RELEASE]
	at org.springframework.beans.factory.support.AbstractBeanFactory.doGetBean(AbstractBeanFactory.java:315) ~[spring-beans-5.0.10.RELEASE.jar:5.0.10.RELEASE]
	at org.springframework.beans.factory.support.AbstractBeanFactory.getBean(AbstractBeanFactory.java:199) ~[spring-beans-5.0.10.RELEASE.jar:5.0.10.RELEASE]
	at org.springframework.beans.factory.support.DefaultListableBeanFactory.preInstantiateSingletons(DefaultListableBeanFactory.java:759) ~[spring-beans-5.0.10.RELEASE.jar:5.0.10.RELEASE]
	at org.springframework.context.support.AbstractApplicationContext.finishBeanFactoryInitialization(AbstractApplicationContext.java:867) ~[spring-context-5.0.10.RELEASE.jar:5.0.10.RELEASE]
	at org.springframework.context.support.AbstractApplicationContext.refresh(AbstractApplicationContext.java:548) ~[spring-context-5.0.10.RELEASE.jar:5.0.10.RELEASE]
	at org.springframework.boot.SpringApplication.refresh(SpringApplication.java:754) ~[spring-boot-2.0.6.RELEASE.jar:2.0.6.RELEASE]
	at org.springframework.boot.SpringApplication.refreshContext(SpringApplication.java:386) ~[spring-boot-2.0.6.RELEASE.jar:2.0.6.RELEASE]
	at org.springframework.boot.SpringApplication.run(SpringApplication.java:307) ~[spring-boot-2.0.6.RELEASE.jar:2.0.6.RELEASE]
	at org.springframework.boot.test.context.SpringBootContextLoader.loadContext(SpringBootContextLoader.java:127) ~[spring-boot-test-2.0.6.RELEASE.jar:2.0.6.RELEASE]
	at org.springframework.test.context.cache.DefaultCacheAwareContextLoaderDelegate.loadContextInternal(DefaultCacheAwareContextLoaderDelegate.java:99) ~[spring-test-5.0.10.RELEASE.jar:5.0.10.RELEASE]
	at org.springframework.test.context.cache.DefaultCacheAwareContextLoaderDelegate.loadContext(DefaultCacheAwareContextLoaderDelegate.java:117) ~[spring-test-5.0.10.RELEASE.jar:5.0.10.RELEASE]
	... 27 common frames omitted
Caused by: org.springframework.beans.BeanInstantiationException: Failed to instantiate [org.springframework.web.servlet.mvc.method.annotation.RequestMappingHandlerAdapter]: Factory method 'requestMappingHandlerAdapter' threw exception; nested exception is org.springframework.beans.factory.BeanCreationException: Error creating bean with name 'mvcConversionService' defined in class path resource [org/springframework/boot/autoconfigure/web/servlet/WebMvcAutoConfiguration$EnableWebMvcConfiguration.class]: Bean instantiation via factory method failed; nested exception is org.springframework.beans.BeanInstantiationException: Failed to instantiate [org.springframework.format.support.FormattingConversionService]: Factory method 'mvcConversionService' threw exception; nested exception is org.springframework.beans.factory.BeanCreationException: Error creating bean with name 'proveedorRepos': Invocation of init method failed; nested exception is java.lang.IllegalArgumentException: Not a managed type: class com.TPStock.Onaine.Modelo.Proveedor
	at org.springframework.beans.factory.support.SimpleInstantiationStrategy.instantiate(SimpleInstantiationStrategy.java:185) ~[spring-beans-5.0.10.RELEASE.jar:5.0.10.RELEASE]
	at org.springframework.beans.factory.support.ConstructorResolver.instantiateUsingFactoryMethod(ConstructorResolver.java:583) ~[spring-beans-5.0.10.RELEASE.jar:5.0.10.RELEASE]
	... 44 common frames omitted
Caused by: org.springframework.beans.factory.BeanCreationException: Error creating bean with name 'mvcConversionService' defined in class path resource [org/springframework/boot/autoconfigure/web/servlet/WebMvcAutoConfiguration$EnableWebMvcConfiguration.class]: Bean instantiation via factory method failed; nested exception is org.springframework.beans.BeanInstantiationException: Failed to instantiate [org.springframework.format.support.FormattingConversionService]: Factory method 'mvcConversionService' threw exception; nested exception is org.springframework.beans.factory.BeanCreationException: Error creating bean with name 'proveedorRepos': Invocation of init method failed; nested exception is java.lang.IllegalArgumentException: Not a managed type: class com.TPStock.Onaine.Modelo.Proveedor
	at org.springframework.beans.factory.support.ConstructorResolver.instantiateUsingFactoryMethod(ConstructorResolver.java:591) ~[spring-beans-5.0.10.RELEASE.jar:5.0.10.RELEASE]
	at org.springframework.beans.factory.support.AbstractAutowireCapableBeanFactory.instantiateUsingFactoryMethod(AbstractAutowireCapableBeanFactory.java:1246) ~[spring-beans-5.0.10.RELEASE.jar:5.0.10.RELEASE]
	at org.springframework.beans.factory.support.AbstractAutowireCapableBeanFactory.createBeanInstance(AbstractAutowireCapableBeanFactory.java:1096) ~[spring-beans-5.0.10.RELEASE.jar:5.0.10.RELEASE]
	at org.springframework.beans.factory.support.AbstractAutowireCapableBeanFactory.doCreateBean(AbstractAutowireCapableBeanFactory.java:535) ~[spring-beans-5.0.10.RELEASE.jar:5.0.10.RELEASE]
	at org.springframework.beans.factory.support.AbstractAutowireCapableBeanFactory.createBean(AbstractAutowireCapableBeanFactory.java:495) ~[spring-beans-5.0.10.RELEASE.jar:5.0.10.RELEASE]
	at org.springframework.beans.factory.support.AbstractBeanFactory.lambda$doGetBean$0(AbstractBeanFactory.java:317) ~[spring-beans-5.0.10.RELEASE.jar:5.0.10.RELEASE]
	at org.springframework.beans.factory.support.DefaultSingletonBeanRegistry.getSingleton(DefaultSingletonBeanRegistry.java:222) ~[spring-beans-5.0.10.RELEASE.jar:5.0.10.RELEASE]
	at org.springframework.beans.factory.support.AbstractBeanFactory.doGetBean(AbstractBeanFactory.java:315) ~[spring-beans-5.0.10.RELEASE.jar:5.0.10.RELEASE]
	at org.springframework.beans.factory.support.AbstractBeanFactory.getBean(AbstractBeanFactory.java:199) ~[spring-beans-5.0.10.RELEASE.jar:5.0.10.RELEASE]
	at org.springframework.context.annotation.ConfigurationClassEnhancer$BeanMethodInterceptor.resolveBeanReference(ConfigurationClassEnhancer.java:396) ~[spring-context-5.0.10.RELEASE.jar:5.0.10.RELEASE]
	at org.springframework.context.annotation.ConfigurationClassEnhancer$BeanMethodInterceptor.intercept(ConfigurationClassEnhancer.java:368) ~[spring-context-5.0.10.RELEASE.jar:5.0.10.RELEASE]
	at org.springframework.boot.autoconfigure.web.servlet.WebMvcAutoConfiguration$EnableWebMvcConfiguration$$EnhancerBySpringCGLIB$$98d50d8f.mvcConversionService(<generated>) ~[spring-boot-autoconfigure-2.0.6.RELEASE.jar:2.0.6.RELEASE]
	at org.springframework.web.servlet.config.annotation.WebMvcConfigurationSupport.getConfigurableWebBindingInitializer(WebMvcConfigurationSupport.java:602) ~[spring-webmvc-5.0.10.RELEASE.jar:5.0.10.RELEASE]
	at org.springframework.boot.autoconfigure.web.servlet.WebMvcAutoConfiguration$EnableWebMvcConfiguration.getConfigurableWebBindingInitializer(WebMvcAutoConfiguration.java:524) ~[spring-boot-autoconfigure-2.0.6.RELEASE.jar:2.0.6.RELEASE]
	at org.springframework.web.servlet.config.annotation.WebMvcConfigurationSupport.requestMappingHandlerAdapter(WebMvcConfigurationSupport.java:564) ~[spring-webmvc-5.0.10.RELEASE.jar:5.0.10.RELEASE]
	at org.springframework.boot.autoconfigure.web.servlet.WebMvcAutoConfiguration$EnableWebMvcConfiguration.requestMappingHandlerAdapter(WebMvcAutoConfiguration.java:467) ~[spring-boot-autoconfigure-2.0.6.RELEASE.jar:2.0.6.RELEASE]
	at org.springframework.boot.autoconfigure.web.servlet.WebMvcAutoConfiguration$EnableWebMvcConfiguration$$EnhancerBySpringCGLIB$$98d50d8f.CGLIB$requestMappingHandlerAdapter$9(<generated>) ~[spring-boot-autoconfigure-2.0.6.RELEASE.jar:2.0.6.RELEASE]
	at org.springframework.boot.autoconfigure.web.servlet.WebMvcAutoConfiguration$EnableWebMvcConfiguration$$EnhancerBySpringCGLIB$$98d50d8f$$FastClassBySpringCGLIB$$73f57af0.invoke(<generated>) ~[spring-boot-autoconfigure-2.0.6.RELEASE.jar:2.0.6.RELEASE]
	at org.springframework.cglib.proxy.MethodProxy.invokeSuper(MethodProxy.java:228) ~[spring-core-5.0.10.RELEASE.jar:5.0.10.RELEASE]
	at org.springframework.context.annotation.ConfigurationClassEnhancer$BeanMethodInterceptor.intercept(ConfigurationClassEnhancer.java:365) ~[spring-context-5.0.10.RELEASE.jar:5.0.10.RELEASE]
	at org.springframework.boot.autoconfigure.web.servlet.WebMvcAutoConfiguration$EnableWebMvcConfiguration$$EnhancerBySpringCGLIB$$98d50d8f.requestMappingHandlerAdapter(<generated>) ~[spring-boot-autoconfigure-2.0.6.RELEASE.jar:2.0.6.RELEASE]
	at sun.reflect.NativeMethodAccessorImpl.invoke0(Native Method) ~[na:1.8.0_91]
	at sun.reflect.NativeMethodAccessorImpl.invoke(NativeMethodAccessorImpl.java:62) ~[na:1.8.0_91]
	at sun.reflect.DelegatingMethodAccessorImpl.invoke(DelegatingMethodAccessorImpl.java:43) ~[na:1.8.0_91]
	at java.lang.reflect.Method.invoke(Method.java:498) ~[na:1.8.0_91]
	at org.springframework.beans.factory.support.SimpleInstantiationStrategy.instantiate(SimpleInstantiationStrategy.java:154) ~[spring-beans-5.0.10.RELEASE.jar:5.0.10.RELEASE]
	... 45 common frames omitted
Caused by: org.springframework.beans.BeanInstantiationException: Failed to instantiate [org.springframework.format.support.FormattingConversionService]: Factory method 'mvcConversionService' threw exception; nested exception is org.springframework.beans.factory.BeanCreationException: Error creating bean with name 'proveedorRepos': Invocation of init method failed; nested exception is java.lang.IllegalArgumentException: Not a managed type: class com.TPStock.Onaine.Modelo.Proveedor
	at org.springframework.beans.factory.support.SimpleInstantiationStrategy.instantiate(SimpleInstantiationStrategy.java:185) ~[spring-beans-5.0.10.RELEASE.jar:5.0.10.RELEASE]
	at org.springframework.beans.factory.support.ConstructorResolver.instantiateUsingFactoryMethod(ConstructorResolver.java:583) ~[spring-beans-5.0.10.RELEASE.jar:5.0.10.RELEASE]
	... 70 common frames omitted
Caused by: org.springframework.beans.factory.BeanCreationException: Error creating bean with name 'proveedorRepos': Invocation of init method failed; nested exception is java.lang.IllegalArgumentException: Not a managed type: class com.TPStock.Onaine.Modelo.Proveedor
	at org.springframework.beans.factory.support.AbstractAutowireCapableBeanFactory.initializeBean(AbstractAutowireCapableBeanFactory.java:1694) ~[spring-beans-5.0.10.RELEASE.jar:5.0.10.RELEASE]
	at org.springframework.beans.factory.support.AbstractAutowireCapableBeanFactory.doCreateBean(AbstractAutowireCapableBeanFactory.java:573) ~[spring-beans-5.0.10.RELEASE.jar:5.0.10.RELEASE]
	at org.springframework.beans.factory.support.AbstractAutowireCapableBeanFactory.createBean(AbstractAutowireCapableBeanFactory.java:495) ~[spring-beans-5.0.10.RELEASE.jar:5.0.10.RELEASE]
	at org.springframework.beans.factory.support.AbstractBeanFactory.lambda$doGetBean$0(AbstractBeanFactory.java:317) ~[spring-beans-5.0.10.RELEASE.jar:5.0.10.RELEASE]
	at org.springframework.beans.factory.support.DefaultSingletonBeanRegistry.getSingleton(DefaultSingletonBeanRegistry.java:222) ~[spring-beans-5.0.10.RELEASE.jar:5.0.10.RELEASE]
	at org.springframework.beans.factory.support.AbstractBeanFactory.doGetBean(AbstractBeanFactory.java:315) ~[spring-beans-5.0.10.RELEASE.jar:5.0.10.RELEASE]
	at org.springframework.beans.factory.support.AbstractBeanFactory.getBean(AbstractBeanFactory.java:204) ~[spring-beans-5.0.10.RELEASE.jar:5.0.10.RELEASE]
	at org.springframework.context.support.AbstractApplicationContext.getBean(AbstractApplicationContext.java:1093) ~[spring-context-5.0.10.RELEASE.jar:5.0.10.RELEASE]
	at org.springframework.data.repository.support.Repositories.cacheRepositoryFactory(Repositories.java:97) ~[spring-data-commons-2.0.11.RELEASE.jar:2.0.11.RELEASE]
	at org.springframework.data.repository.support.Repositories.populateRepositoryFactoryInformation(Repositories.java:90) ~[spring-data-commons-2.0.11.RELEASE.jar:2.0.11.RELEASE]
	at org.springframework.data.repository.support.Repositories.<init>(Repositories.java:83) ~[spring-data-commons-2.0.11.RELEASE.jar:2.0.11.RELEASE]
	at org.springframework.data.repository.support.DomainClassConverter.setApplicationContext(DomainClassConverter.java:109) ~[spring-data-commons-2.0.11.RELEASE.jar:2.0.11.RELEASE]
	at org.springframework.data.web.config.SpringDataWebConfiguration.addFormatters(SpringDataWebConfiguration.java:131) ~[spring-data-commons-2.0.11.RELEASE.jar:2.0.11.RELEASE]
	at org.springframework.web.servlet.config.annotation.WebMvcConfigurerComposite.addFormatters(WebMvcConfigurerComposite.java:81) ~[spring-webmvc-5.0.10.RELEASE.jar:5.0.10.RELEASE]
	at org.springframework.web.servlet.config.annotation.DelegatingWebMvcConfiguration.addFormatters(DelegatingWebMvcConfiguration.java:78) ~[spring-webmvc-5.0.10.RELEASE.jar:5.0.10.RELEASE]
	at org.springframework.boot.autoconfigure.web.servlet.WebMvcAutoConfiguration$EnableWebMvcConfiguration.mvcConversionService(WebMvcAutoConfiguration.java:495) ~[spring-boot-autoconfigure-2.0.6.RELEASE.jar:2.0.6.RELEASE]
	at org.springframework.boot.autoconfigure.web.servlet.WebMvcAutoConfiguration$EnableWebMvcConfiguration$$EnhancerBySpringCGLIB$$98d50d8f.CGLIB$mvcConversionService$6(<generated>) ~[spring-boot-autoconfigure-2.0.6.RELEASE.jar:2.0.6.RELEASE]
	at org.springframework.boot.autoconfigure.web.servlet.WebMvcAutoConfiguration$EnableWebMvcConfiguration$$EnhancerBySpringCGLIB$$98d50d8f$$FastClassBySpringCGLIB$$73f57af0.invoke(<generated>) ~[spring-boot-autoconfigure-2.0.6.RELEASE.jar:2.0.6.RELEASE]
	at org.springframework.cglib.proxy.MethodProxy.invokeSuper(MethodProxy.java:228) ~[spring-core-5.0.10.RELEASE.jar:5.0.10.RELEASE]
	at org.springframework.context.annotation.ConfigurationClassEnhancer$BeanMethodInterceptor.intercept(ConfigurationClassEnhancer.java:365) ~[spring-context-5.0.10.RELEASE.jar:5.0.10.RELEASE]
	at org.springframework.boot.autoconfigure.web.servlet.WebMvcAutoConfiguration$EnableWebMvcConfiguration$$EnhancerBySpringCGLIB$$98d50d8f.mvcConversionService(<generated>) ~[spring-boot-autoconfigure-2.0.6.RELEASE.jar:2.0.6.RELEASE]
	at sun.reflect.NativeMethodAccessorImpl.invoke0(Native Method) ~[na:1.8.0_91]
	at sun.reflect.NativeMethodAccessorImpl.invoke(NativeMethodAccessorImpl.java:62) ~[na:1.8.0_91]
	at sun.reflect.DelegatingMethodAccessorImpl.invoke(DelegatingMethodAccessorImpl.java:43) ~[na:1.8.0_91]
	at java.lang.reflect.Method.invoke(Method.java:498) ~[na:1.8.0_91]
	at org.springframework.beans.factory.support.SimpleInstantiationStrategy.instantiate(SimpleInstantiationStrategy.java:154) ~[spring-beans-5.0.10.RELEASE.jar:5.0.10.RELEASE]
	... 71 common frames omitted
Caused by: java.lang.IllegalArgumentException: Not a managed type: class com.TPStock.Onaine.Modelo.Proveedor
	at org.hibernate.metamodel.internal.MetamodelImpl.managedType(MetamodelImpl.java:473) ~[hibernate-core-5.2.17.Final.jar:5.2.17.Final]
	at org.springframework.data.jpa.repository.support.JpaMetamodelEntityInformation.<init>(JpaMetamodelEntityInformation.java:74) ~[spring-data-jpa-2.0.11.RELEASE.jar:2.0.11.RELEASE]
	at org.springframework.data.jpa.repository.support.JpaEntityInformationSupport.getEntityInformation(JpaEntityInformationSupport.java:66) ~[spring-data-jpa-2.0.11.RELEASE.jar:2.0.11.RELEASE]
	at org.springframework.data.jpa.repository.support.JpaRepositoryFactory.getEntityInformation(JpaRepositoryFactory.java:180) ~[spring-data-jpa-2.0.11.RELEASE.jar:2.0.11.RELEASE]
	at org.springframework.data.jpa.repository.support.JpaRepositoryFactory.getTargetRepository(JpaRepositoryFactory.java:118) ~[spring-data-jpa-2.0.11.RELEASE.jar:2.0.11.RELEASE]
	at org.springframework.data.jpa.repository.support.JpaRepositoryFactory.getTargetRepository(JpaRepositoryFactory.java:101) ~[spring-data-jpa-2.0.11.RELEASE.jar:2.0.11.RELEASE]
	at org.springframework.data.repository.core.support.RepositoryFactorySupport.getRepository(RepositoryFactorySupport.java:304) ~[spring-data-commons-2.0.11.RELEASE.jar:2.0.11.RELEASE]
	at org.springframework.data.repository.core.support.RepositoryFactoryBeanSupport.lambda$afterPropertiesSet$4(RepositoryFactoryBeanSupport.java:290) ~[spring-data-commons-2.0.11.RELEASE.jar:2.0.11.RELEASE]
	at org.springframework.data.util.Lazy.getNullable(Lazy.java:141) ~[spring-data-commons-2.0.11.RELEASE.jar:2.0.11.RELEASE]
	at org.springframework.data.util.Lazy.get(Lazy.java:63) ~[spring-data-commons-2.0.11.RELEASE.jar:2.0.11.RELEASE]
	at org.springframework.data.repository.core.support.RepositoryFactoryBeanSupport.afterPropertiesSet(RepositoryFactoryBeanSupport.java:293) ~[spring-data-commons-2.0.11.RELEASE.jar:2.0.11.RELEASE]
	at org.springframework.data.jpa.repository.support.JpaRepositoryFactoryBean.afterPropertiesSet(JpaRepositoryFactoryBean.java:102) ~[spring-data-jpa-2.0.11.RELEASE.jar:2.0.11.RELEASE]
	at org.springframework.beans.factory.support.AbstractAutowireCapableBeanFactory.invokeInitMethods(AbstractAutowireCapableBeanFactory.java:1753) ~[spring-beans-5.0.10.RELEASE.jar:5.0.10.RELEASE]
	at org.springframework.beans.factory.support.AbstractAutowireCapableBeanFactory.initializeBean(AbstractAutowireCapableBeanFactory.java:1690) ~[spring-beans-5.0.10.RELEASE.jar:5.0.10.RELEASE]
	... 96 common frames omitted

]]></system-out>
  </testcase>
</testsuite>